Log file open, 10/01/19 11:44:22
LogWindows: Failed to load 'aqProf.dll' (GetLastError=126)
LogWindows: File 'aqProf.dll' does not exist
LogWindows: Failed to load 'VtuneApi.dll' (GetLastError=126)
LogWindows: File 'VtuneApi.dll' does not exist
LogWindows: Failed to load 'VtuneApi32e.dll' (GetLastError=126)
LogWindows: File 'VtuneApi32e.dll' does not exist
LogConsoleResponse: Display: Failed to find resolution value strings in scalability ini. Falling back to default.
LogInit: Display: Running engine for game: Boyer_CryptidEscape
LogPlatformFile: Not using cached read wrapper
LogTaskGraph: Started task graph with 5 named threads and 23 total threads with 3 sets of task threads.
LogStats: Stats thread started at 0.065451
LogD3D11RHI: Loaded GFSDK_Aftermath_Lib.x64.dll
LogICUInternationalization: ICU TimeZone Detection - Raw Offset: -5:00, Platform Override: ''
LogPluginManager: Mounting plugin Paper2D
LogPluginManager: Mounting plugin AISupport
LogPluginManager: Mounting plugin LightPropagationVolume
LogPluginManager: Mounting plugin ActorLayerUtilities
LogPluginManager: Mounting plugin AnimationSharing
LogPluginManager: Mounting plugin CLionSourceCodeAccess
LogPluginManager: Mounting plugin CodeLiteSourceCodeAccess
LogPluginManager: Mounting plugin GitSourceControl
LogPluginManager: Mounting plugin KDevelopSourceCodeAccess
LogPluginManager: Mounting plugin NullSourceCodeAccess
LogPluginManager: Mounting plugin PerforceSourceControl
LogPluginManager: Mounting plugin SubversionSourceControl
LogPluginManager: Mounting plugin UObjectPlugin
LogPluginManager: Mounting plugin VisualStudioCodeSourceCodeAccess
LogPluginManager: Mounting plugin VisualStudioSourceCodeAccess
LogPluginManager: Mounting plugin XCodeSourceCodeAccess
LogPluginManager: Mounting plugin AssetManagerEditor
LogPluginManager: Mounting plugin CryptoKeys
LogPluginManager: Mounting plugin CurveEditorTools
LogPluginManager: Mounting plugin DataValidation
LogPluginManager: Mounting plugin FacialAnimation
LogPluginManager: Mounting plugin GameplayTagsEditor
LogPluginManager: Mounting plugin MacGraphicsSwitching
LogPluginManager: Mounting plugin MaterialAnalyzer
LogPluginManager: Mounting plugin MobileLauncherProfileWizard
LogPluginManager: Mounting plugin PluginBrowser
LogPluginManager: Mounting plugin SpeedTreeImporter
LogPluginManager: Mounting plugin DatasmithContent
LogPluginManager: Mounting plugin VariantManagerContent
LogPluginManager: Mounting plugin AlembicImporter
LogPluginManager: Mounting plugin AutomationUtils
LogPluginManager: Mounting plugin BackChannel
LogPluginManager: Mounting plugin CharacterAI
LogPluginManager: Mounting plugin GeometryCache
LogPluginManager: Mounting plugin HTML5Networking
LogPluginManager: Mounting plugin PlatformCrypto
LogPluginManager: Mounting plugin ProxyLODPlugin
LogPluginManager: Mounting plugin SkeletalReduction
LogPluginManager: Mounting plugin MagicLeap
LogPluginManager: Mounting plugin MagicLeapMedia
LogPluginManager: Mounting plugin AndroidMedia
LogPluginManager: Mounting plugin AvfMedia
LogPluginManager: Mounting plugin ImgMedia
LogPluginManager: Mounting plugin MediaCompositing
LogPluginManager: Mounting plugin MediaPlayerEditor
LogPluginManager: Mounting plugin WebMMedia
LogPluginManager: Mounting plugin WmfMedia
LogPluginManager: Mounting plugin TcpMessaging
LogPluginManager: Mounting plugin UdpMessaging
LogPluginManager: Mounting plugin ActorSequence
LogPluginManager: Mounting plugin LevelSequenceEditor
LogPluginManager: Mounting plugin MatineeToLevelSequence
LogPluginManager: Mounting plugin NetcodeUnitTest
LogPluginManager: Mounting plugin NUTUnrealEngine4
LogPluginManager: Mounting plugin OnlineSubsystemGooglePlay
LogPluginManager: Mounting plugin OnlineSubsystemIOS
LogPluginManager: Mounting plugin OnlineSubsystem
LogPluginManager: Mounting plugin OnlineSubsystemNull
LogPluginManager: Mounting plugin OnlineSubsystemUtils
LogPluginManager: Mounting plugin LauncherChunkInstaller
LogPluginManager: Mounting plugin AndroidDeviceProfileSelector
LogPluginManager: Mounting plugin AndroidMoviePlayer
LogPluginManager: Mounting plugin AndroidPermission
LogPluginManager: Mounting plugin AppleImageUtils
LogPluginManager: Mounting plugin AppleMoviePlayer
LogPluginManager: Mounting plugin ArchVisCharacter
LogPluginManager: Mounting plugin AudioCapture
LogPluginManager: Mounting plugin CableComponent
LogPluginManager: Mounting plugin CustomMeshComponent
LogPluginManager: Mounting plugin EditableMesh
LogPluginManager: Mounting plugin ExampleDeviceProfileSelector
LogPluginManager: Mounting plugin GoogleCloudMessaging
LogPluginManager: Mounting plugin IOSDeviceProfileSelector
LogPluginManager: Mounting plugin LinuxDeviceProfileSelector
LogPluginManager: Mounting plugin LocationServicesBPLibrary
LogPluginManager: Mounting plugin MobilePatchingUtils
LogPluginManager: Mounting plugin OculusVR
LogPluginManager: Mounting plugin PhysXVehicles
LogPluginManager: Mounting plugin ProceduralMeshComponent
LogPluginManager: Mounting plugin RuntimePhysXCooking
LogPluginManager: Mounting plugin SignificanceManager
LogPluginManager: Mounting plugin SteamVR
LogPluginManager: Mounting plugin WebMMoviePlayer
LogPluginManager: Mounting plugin WindowsMoviePlayer
LogPluginManager: Mounting plugin ScreenshotTools
LogInit: Using libcurl 7.55.1-DEV
LogInit:  - built for x86_64-pc-win32
LogInit:  - supports SSL with OpenSSL/1.1.1
LogInit:  - supports HTTP deflate (compression) using libz 1.2.8
LogInit:  - other features:
LogInit:      CURL_VERSION_SSL
LogInit:      CURL_VERSION_LIBZ
LogInit:      CURL_VERSION_IPV6
LogInit:      CURL_VERSION_ASYNCHDNS
LogInit:      CURL_VERSION_LARGEFILE
LogInit:      CURL_VERSION_IDN
LogInit:  CurlRequestOptions (configurable via config and command line):
LogInit:  - bVerifyPeer = true  - Libcurl will verify peer certificate
LogInit:  - bUseHttpProxy = false  - Libcurl will NOT use HTTP proxy
LogInit:  - bDontReuseConnections = false  - Libcurl will reuse connections
LogInit:  - MaxHostConnections = 16  - Libcurl will limit the number of connections to a host
LogInit:  - LocalHostAddr = Default
LogInit:  - BufferSize = 65536
LogOnline: OSS: Creating online subsystem instance for: NULL
LogInit: WinSock: version 1.1 (2.2), MaxSocks=32767, MaxUdp=65467
LogInit: Build: ++UE4+Release-4.23-CL-8386587
LogInit: Engine Version: 4.23.0-8386587+++UE4+Release-4.23
LogInit: Compatible Engine Version: 4.23.0-8386587+++UE4+Release-4.23
LogInit: Net CL: 8386587
LogInit: OS: Windows 10 (Release 1903) (), CPU: Intel(R) Core(TM) i7-7700 CPU @ 3.60GHz, GPU: NVIDIA GeForce GTX 1070
LogInit: Compiled (64-bit): Aug 31 2019 02:04:44
LogInit: Compiled with Visual C++: 19.16.27030.01
LogInit: Build Configuration: Development
LogInit: Branch Name: ++UE4+Release-4.23
LogInit: Command Line: 
LogInit: Base Directory: C:/Program Files/Epic Games/UE_4.23/Engine/Binaries/Win64/
LogInit: Installed Engine Build: 1
LogDevObjectVersion: Number of dev versions registered: 23
LogDevObjectVersion:   Dev-Blueprints (B0D832E4-1F89-4F0D-ACCF-7EB736FD4AA2): 10
LogDevObjectVersion:   Dev-Build (E1C64328-A22C-4D53-A36C-8E866417BD8C): 0
LogDevObjectVersion:   Dev-Core (375EC13C-06E4-48FB-B500-84F0262A717E): 3
LogDevObjectVersion:   Dev-Editor (E4B068ED-F494-42E9-A231-DA0B2E46BB41): 34
LogDevObjectVersion:   Dev-Framework (CFFC743F-43B0-4480-9391-14DF171D2073): 35
LogDevObjectVersion:   Dev-Mobile (B02B49B5-BB20-44E9-A304-32B752E40360): 2
LogDevObjectVersion:   Dev-Networking (A4E4105C-59A1-49B5-A7C5-40C4547EDFEE): 0
LogDevObjectVersion:   Dev-Online (39C831C9-5AE6-47DC-9A44-9C173E1C8E7C): 0
LogDevObjectVersion:   Dev-Physics (78F01B33-EBEA-4F98-B9B4-84EACCB95AA2): 0
LogDevObjectVersion:   Dev-Platform (6631380F-2D4D-43E0-8009-CF276956A95A): 0
LogDevObjectVersion:   Dev-Rendering (12F88B9F-8875-4AFC-A67C-D90C383ABD29): 31
LogDevObjectVersion:   Dev-Sequencer (7B5AE74C-D270-4C10-A958-57980B212A5A): 11
LogDevObjectVersion:   Dev-VR (D7296918-1DD6-4BDD-9DE2-64A83CC13884): 2
LogDevObjectVersion:   Dev-LoadTimes (C2A15278-BFE7-4AFE-6C17-90FF531DF755): 1
LogDevObjectVersion:   Private-Geometry (6EACA3D4-40EC-4CC1-B786-8BED09428FC5): 3
LogDevObjectVersion:   Dev-AnimPhys (29E575DD-E0A3-4627-9D10-D276232CDCEA): 17
LogDevObjectVersion:   Dev-Anim (AF43A65D-7FD3-4947-9873-3E8ED9C1BB05): 2
LogDevObjectVersion:   Dev-ReflectionCapture (6B266CEC-1EC7-4B8F-A30B-E4D90942FC07): 1
LogDevObjectVersion:   Dev-Automation (0DF73D61-A23F-47EA-B727-89E90C41499A): 1
LogDevObjectVersion:   FortniteMain (601D1886-AC64-4F84-AA16-D3DE0DEAC7D6): 27
LogDevObjectVersion:   Dev-Enterprise (9DFFBCD6-494F-0158-E221-12823C92A888): 6
LogDevObjectVersion:   Dev-Niagara (F2AED0AC-9AFE-416F-8664-AA7FFA26D6FC): 1
LogDevObjectVersion:   Dev-Destruction (174F1F0B-B4C6-45A5-B13F-2EE8D0FB917D): 9
LogInit: Presizing for max 16777216 objects, including 0 objects not considered by GC, pre-allocating 0 bytes for permanent pool.
LogInit: Object subsystem initialized
LogConfig: Setting CVar [[con.DebugEarlyDefault:1]]
LogConfig: Setting CVar [[r.setres:1280x720]]
[2019.10.01-15.44.23:017][  0]LogConfig: Setting CVar [[r.VSync:0]]
[2019.10.01-15.44.23:017][  0]LogConfig: Setting CVar [[r.RHICmdBypass:0]]
[2019.10.01-15.44.23:017][  0]LogConfig: Applying CVar settings from Section [/Script/Engine.RendererSettings] File [C:/Users/mboyer/Documents/Unreal Projects/Boyer_CryptidEscape/Saved/Config/Windows/Engine.ini]
[2019.10.01-15.44.23:017][  0]LogConfig: Setting CVar [[r.GPUCrashDebugging:0]]
[2019.10.01-15.44.23:017][  0]LogConfig: Applying CVar settings from Section [/Script/Engine.RendererOverrideSettings] File [C:/Users/mboyer/Documents/Unreal Projects/Boyer_CryptidEscape/Saved/Config/Windows/Engine.ini]
[2019.10.01-15.44.23:017][  0]LogConfig: Applying CVar settings from Section [/Script/Engine.StreamingSettings] File [C:/Users/mboyer/Documents/Unreal Projects/Boyer_CryptidEscape/Saved/Config/Windows/Engine.ini]
[2019.10.01-15.44.23:017][  0]LogConfig: Setting CVar [[s.MinBulkDataSizeForAsyncLoading:131072]]
[2019.10.01-15.44.23:017][  0]LogConfig: Setting CVar [[s.AsyncLoadingThreadEnabled:0]]
[2019.10.01-15.44.23:017][  0]LogConfig: Setting CVar [[s.EventDrivenLoaderEnabled:1]]
[2019.10.01-15.44.23:017][  0]LogConfig: Setting CVar [[s.WarnIfTimeLimitExceeded:0]]
[2019.10.01-15.44.23:017][  0]LogConfig: Setting CVar [[s.TimeLimitExceededMultiplier:1.5]]
[2019.10.01-15.44.23:017][  0]LogConfig: Setting CVar [[s.TimeLimitExceededMinTime:0.005]]
[2019.10.01-15.44.23:017][  0]LogConfig: Setting CVar [[s.UseBackgroundLevelStreaming:1]]
[2019.10.01-15.44.23:017][  0]LogConfig: Setting CVar [[s.PriorityAsyncLoadingExtraTime:15.0]]
[2019.10.01-15.44.23:017][  0]LogConfig: Setting CVar [[s.LevelStreamingActorsUpdateTimeLimit:5.0]]
[2019.10.01-15.44.23:017][  0]LogConfig: Setting CVar [[s.PriorityLevelStreamingActorsUpdateExtraTime:5.0]]
[2019.10.01-15.44.23:017][  0]LogConfig: Setting CVar [[s.LevelStreamingComponentsRegistrationGranularity:10]]
[2019.10.01-15.44.23:017][  0]LogConfig: Setting CVar [[s.UnregisterComponentsTimeLimit:1.0]]
[2019.10.01-15.44.23:017][  0]LogConfig: Setting CVar [[s.LevelStreamingComponentsUnregistrationGranularity:5]]
[2019.10.01-15.44.23:017][  0]LogConfig: Applying CVar settings from Section [/Script/Engine.GarbageCollectionSettings] File [C:/Users/mboyer/Documents/Unreal Projects/Boyer_CryptidEscape/Saved/Config/Windows/Engine.ini]
[2019.10.01-15.44.23:017][  0]LogConfig: Setting CVar [[gc.MaxObjectsNotConsideredByGC:1]]
[2019.10.01-15.44.23:017][  0]LogConfig: Setting CVar [[gc.SizeOfPermanentObjectPool:0]]
[2019.10.01-15.44.23:017][  0]LogConfig: Setting CVar [[gc.FlushStreamingOnGC:0]]
[2019.10.01-15.44.23:017][  0]LogConfig: Setting CVar [[gc.NumRetriesBeforeForcingGC:10]]
[2019.10.01-15.44.23:017][  0]LogConfig: Setting CVar [[gc.AllowParallelGC:1]]
[2019.10.01-15.44.23:017][  0]LogConfig: Setting CVar [[gc.TimeBetweenPurgingPendingKillObjects:61.1]]
[2019.10.01-15.44.23:017][  0]LogConfig: Setting CVar [[gc.MaxObjectsInEditor:16777216]]
[2019.10.01-15.44.23:017][  0]LogConfig: Setting CVar [[gc.IncrementalBeginDestroyEnabled:1]]
[2019.10.01-15.44.23:017][  0]LogConfig: Setting CVar [[gc.CreateGCClusters:1]]
[2019.10.01-15.44.23:017][  0]LogConfig: Setting CVar [[gc.MinGCClusterSize:5]]
[2019.10.01-15.44.23:017][  0]LogConfig: Setting CVar [[gc.ActorClusteringEnabled:0]]
[2019.10.01-15.44.23:017][  0]LogConfig: Setting CVar [[gc.BlueprintClusteringEnabled:0]]
[2019.10.01-15.44.23:017][  0]LogConfig: Setting CVar [[gc.UseDisregardForGCOnDedicatedServers:0]]
[2019.10.01-15.44.23:017][  0]LogConfig: Applying CVar settings from Section [/Script/Engine.NetworkSettings] File [C:/Users/mboyer/Documents/Unreal Projects/Boyer_CryptidEscape/Saved/Config/Windows/Engine.ini]
[2019.10.01-15.44.23:017][  0]LogConfig: Applying CVar settings from Section [/Script/UnrealEd.CookerSettings] File [C:/Users/mboyer/Documents/Unreal Projects/Boyer_CryptidEscape/Saved/Config/Windows/Engine.ini]
[2019.10.01-15.44.23:019][  0]LogConfig: Applying CVar settings from Section [ViewDistanceQuality@3] File [C:/Users/mboyer/Documents/Unreal Projects/Boyer_CryptidEscape/Saved/Config/Windows/Scalability.ini]
[2019.10.01-15.44.23:019][  0]LogConfig: Setting CVar [[r.SkeletalMeshLODBias:0]]
[2019.10.01-15.44.23:019][  0]LogConfig: Setting CVar [[r.ViewDistanceScale:1.0]]
[2019.10.01-15.44.23:019][  0]LogConfig: Applying CVar settings from Section [AntiAliasingQuality@3] File [C:/Users/mboyer/Documents/Unreal Projects/Boyer_CryptidEscape/Saved/Config/Windows/Scalability.ini]
[2019.10.01-15.44.23:019][  0]LogConfig: Setting CVar [[r.PostProcessAAQuality:4]]
[2019.10.01-15.44.23:019][  0]LogConfig: Applying CVar settings from Section [ShadowQuality@3] File [C:/Users/mboyer/Documents/Unreal Projects/Boyer_CryptidEscape/Saved/Config/Windows/Scalability.ini]
[2019.10.01-15.44.23:019][  0]LogConfig: Setting CVar [[r.LightFunctionQuality:1]]
[2019.10.01-15.44.23:019][  0]LogConfig: Setting CVar [[r.ShadowQuality:5]]
[2019.10.01-15.44.23:019][  0]LogConfig: Setting CVar [[r.Shadow.CSM.MaxCascades:10]]
[2019.10.01-15.44.23:019][  0]LogConfig: Setting CVar [[r.Shadow.MaxResolution:2048]]
[2019.10.01-15.44.23:019][  0]LogConfig: Setting CVar [[r.Shadow.MaxCSMResolution:2048]]
[2019.10.01-15.44.23:019][  0]LogConfig: Setting CVar [[r.Shadow.RadiusThreshold:0.01]]
[2019.10.01-15.44.23:019][  0]LogConfig: Setting CVar [[r.Shadow.DistanceScale:1.0]]
[2019.10.01-15.44.23:019][  0]LogConfig: Setting CVar [[r.Shadow.CSM.TransitionScale:1.0]]
[2019.10.01-15.44.23:019][  0]LogConfig: Setting CVar [[r.Shadow.PreShadowResolutionFactor:1.0]]
[2019.10.01-15.44.23:019][  0]LogConfig: Setting CVar [[r.DistanceFieldShadowing:1]]
[2019.10.01-15.44.23:019][  0]LogConfig: Setting CVar [[r.DistanceFieldAO:1]]
[2019.10.01-15.44.23:019][  0]LogConfig: Setting CVar [[r.AOQuality:2]]
[2019.10.01-15.44.23:019][  0]LogConfig: Setting CVar [[r.VolumetricFog:1]]
[2019.10.01-15.44.23:019][  0]LogConfig: Setting CVar [[r.VolumetricFog.GridPixelSize:8]]
[2019.10.01-15.44.23:019][  0]LogConfig: Setting CVar [[r.VolumetricFog.GridSizeZ:128]]
[2019.10.01-15.44.23:019][  0]LogConfig: Setting CVar [[r.VolumetricFog.HistoryMissSupersampleCount:4]]
[2019.10.01-15.44.23:019][  0]LogConfig: Setting CVar [[r.LightMaxDrawDistanceScale:1]]
[2019.10.01-15.44.23:019][  0]LogConfig: Setting CVar [[r.CapsuleShadows:1]]
[2019.10.01-15.44.23:019][  0]LogConfig: Applying CVar settings from Section [PostProcessQuality@3] File [C:/Users/mboyer/Documents/Unreal Projects/Boyer_CryptidEscape/Saved/Config/Windows/Scalability.ini]
[2019.10.01-15.44.23:020][  0]LogConfig: Setting CVar [[r.MotionBlurQuality:4]]
[2019.10.01-15.44.23:020][  0]LogConfig: Setting CVar [[r.AmbientOcclusionMipLevelFactor:0.4]]
[2019.10.01-15.44.23:020][  0]LogConfig: Setting CVar [[r.AmbientOcclusionMaxQuality:100]]
[2019.10.01-15.44.23:020][  0]LogConfig: Setting CVar [[r.AmbientOcclusionLevels:-1]]
[2019.10.01-15.44.23:020][  0]LogConfig: Setting CVar [[r.AmbientOcclusionRadiusScale:1.0]]
[2019.10.01-15.44.23:020][  0]LogConfig: Setting CVar [[r.DepthOfFieldQuality:2]]
[2019.10.01-15.44.23:020][  0]LogConfig: Setting CVar [[r.RenderTargetPoolMin:400]]
[2019.10.01-15.44.23:020][  0]LogConfig: Setting CVar [[r.LensFlareQuality:2]]
[2019.10.01-15.44.23:020][  0]LogConfig: Setting CVar [[r.SceneColorFringeQuality:1]]
[2019.10.01-15.44.23:020][  0]LogConfig: Setting CVar [[r.EyeAdaptationQuality:2]]
[2019.10.01-15.44.23:020][  0]LogConfig: Setting CVar [[r.BloomQuality:5]]
[2019.10.01-15.44.23:020][  0]LogConfig: Setting CVar [[r.FastBlurThreshold:100]]
[2019.10.01-15.44.23:020][  0]LogConfig: Setting CVar [[r.Upscale.Quality:3]]
[2019.10.01-15.44.23:020][  0]LogConfig: Setting CVar [[r.Tonemapper.GrainQuantization:1]]
[2019.10.01-15.44.23:020][  0]LogConfig: Setting CVar [[r.LightShaftQuality:1]]
[2019.10.01-15.44.23:020][  0]LogConfig: Setting CVar [[r.Filter.SizeScale:1]]
[2019.10.01-15.44.23:020][  0]LogConfig: Setting CVar [[r.Tonemapper.Quality:5]]
[2019.10.01-15.44.23:020][  0]LogConfig: Setting CVar [[r.DOF.Gather.AccumulatorQuality:1        ; higher gathering accumulator quality]]
[2019.10.01-15.44.23:020][  0]LogConfig: Setting CVar [[r.DOF.Gather.PostfilterMethod:1          ; Median3x3 postfilering method]]
[2019.10.01-15.44.23:020][  0]LogConfig: Setting CVar [[r.DOF.Gather.EnableBokehSettings:0       ; no bokeh simulation when gathering]]
[2019.10.01-15.44.23:020][  0]LogConfig: Setting CVar [[r.DOF.Gather.RingCount:4                 ; medium number of samples when gathering]]
[2019.10.01-15.44.23:020][  0]LogConfig: Setting CVar [[r.DOF.Scatter.ForegroundCompositing:1    ; additive foreground scattering]]
[2019.10.01-15.44.23:020][  0]LogConfig: Setting CVar [[r.DOF.Scatter.BackgroundCompositing:2    ; additive background scattering]]
[2019.10.01-15.44.23:020][  0]LogConfig: Setting CVar [[r.DOF.Scatter.EnableBokehSettings:1      ; bokeh simulation when scattering]]
[2019.10.01-15.44.23:020][  0]LogConfig: Setting CVar [[r.DOF.Scatter.MaxSpriteRatio:0.1         ; only a maximum of 10% of scattered bokeh]]
[2019.10.01-15.44.23:020][  0]LogConfig: Setting CVar [[r.DOF.Recombine.Quality:1                ; cheap slight out of focus]]
[2019.10.01-15.44.23:020][  0]LogConfig: Setting CVar [[r.DOF.Recombine.EnableBokehSettings:0    ; no bokeh simulation on slight out of focus]]
[2019.10.01-15.44.23:020][  0]LogConfig: Setting CVar [[r.DOF.TemporalAAQuality:1                ; more stable temporal accumulation]]
[2019.10.01-15.44.23:020][  0]LogConfig: Setting CVar [[r.DOF.Kernel.MaxForegroundRadius:0.025]]
[2019.10.01-15.44.23:020][  0]LogConfig: Setting CVar [[r.DOF.Kernel.MaxBackgroundRadius:0.025]]
[2019.10.01-15.44.23:020][  0]LogConfig: Applying CVar settings from Section [TextureQuality@3] File [C:/Users/mboyer/Documents/Unreal Projects/Boyer_CryptidEscape/Saved/Config/Windows/Scalability.ini]
[2019.10.01-15.44.23:020][  0]LogConfig: Setting CVar [[r.Streaming.MipBias:0]]
[2019.10.01-15.44.23:020][  0]LogConfig: Setting CVar [[r.Streaming.AmortizeCPUToGPUCopy:0]]
[2019.10.01-15.44.23:020][  0]LogConfig: Setting CVar [[r.Streaming.MaxNumTexturesToStreamPerFrame:0]]
[2019.10.01-15.44.23:020][  0]LogConfig: Setting CVar [[r.Streaming.Boost:1]]
[2019.10.01-15.44.23:020][  0]LogConfig: Setting CVar [[r.MaxAnisotropy:8]]
[2019.10.01-15.44.23:020][  0]LogConfig: Setting CVar [[r.Streaming.LimitPoolSizeToVRAM:0]]
[2019.10.01-15.44.23:020][  0]LogConfig: Setting CVar [[r.Streaming.PoolSize:1000]]
[2019.10.01-15.44.23:020][  0]LogConfig: Setting CVar [[r.Streaming.MaxEffectiveScreenSize:0]]
[2019.10.01-15.44.23:020][  0]LogConfig: Applying CVar settings from Section [EffectsQuality@3] File [C:/Users/mboyer/Documents/Unreal Projects/Boyer_CryptidEscape/Saved/Config/Windows/Scalability.ini]
[2019.10.01-15.44.23:020][  0]LogConfig: Setting CVar [[r.TranslucencyLightingVolumeDim:64]]
[2019.10.01-15.44.23:020][  0]LogConfig: Setting CVar [[r.RefractionQuality:2]]
[2019.10.01-15.44.23:020][  0]LogConfig: Setting CVar [[r.SSR.Quality:3]]
[2019.10.01-15.44.23:020][  0]LogConfig: Setting CVar [[r.SceneColorFormat:4]]
[2019.10.01-15.44.23:020][  0]LogConfig: Setting CVar [[r.DetailMode:2]]
[2019.10.01-15.44.23:020][  0]LogConfig: Setting CVar [[r.TranslucencyVolumeBlur:1]]
[2019.10.01-15.44.23:020][  0]LogConfig: Setting CVar [[r.MaterialQualityLevel:1 ; High quality]]
[2019.10.01-15.44.23:020][  0]LogConfig: Setting CVar [[r.SSS.Scale:1]]
[2019.10.01-15.44.23:020][  0]LogConfig: Setting CVar [[r.SSS.SampleSet:2]]
[2019.10.01-15.44.23:020][  0]LogConfig: Setting CVar [[r.SSS.Quality:1]]
[2019.10.01-15.44.23:020][  0]LogConfig: Setting CVar [[r.SSS.HalfRes:1]]
[2019.10.01-15.44.23:020][  0]LogConfig: Setting CVar [[r.EmitterSpawnRateScale:1.0]]
[2019.10.01-15.44.23:020][  0]LogConfig: Setting CVar [[r.ParticleLightQuality:2]]
[2019.10.01-15.44.23:020][  0]LogConfig: Applying CVar settings from Section [FoliageQuality@3] File [C:/Users/mboyer/Documents/Unreal Projects/Boyer_CryptidEscape/Saved/Config/Windows/Scalability.ini]
[2019.10.01-15.44.23:020][  0]LogConfig: Setting CVar [[foliage.DensityScale:1.0]]
[2019.10.01-15.44.23:020][  0]LogConfig: Setting CVar [[grass.DensityScale:1.0]]
[2019.10.01-15.44.23:020][  0]LogInit: Selected Device Profile: [Windows]
[2019.10.01-15.44.23:020][  0]LogInit: Applying CVar settings loaded from the selected device profile: [Windows]
[2019.10.01-15.44.23:023][  0]LogHAL: Display: Platform has ~ 32 GB [34301571072 / 34359738368 / 32], which maps to Largest [LargestMinGB=32, LargerMinGB=12, DefaultMinGB=8, SmallerMinGB=6, SmallestMinGB=0)
[2019.10.01-15.44.23:023][  0]LogInit: Going up to parent DeviceProfile []
[2019.10.01-15.44.23:023][  0]LogConfig: Applying CVar settings from Section [ViewDistanceQuality@3] File [C:/Users/mboyer/Documents/Unreal Projects/Boyer_CryptidEscape/Saved/Config/Windows/Scalability.ini]
[2019.10.01-15.44.23:023][  0]LogConfig: Setting CVar [[r.SkeletalMeshLODBias:0]]
[2019.10.01-15.44.23:023][  0]LogConfig: Setting CVar [[r.ViewDistanceScale:1.0]]
[2019.10.01-15.44.23:023][  0]LogConfig: Applying CVar settings from Section [AntiAliasingQuality@3] File [C:/Users/mboyer/Documents/Unreal Projects/Boyer_CryptidEscape/Saved/Config/Windows/Scalability.ini]
[2019.10.01-15.44.23:023][  0]LogConfig: Setting CVar [[r.PostProcessAAQuality:4]]
[2019.10.01-15.44.23:023][  0]LogConfig: Applying CVar settings from Section [ShadowQuality@3] File [C:/Users/mboyer/Documents/Unreal Projects/Boyer_CryptidEscape/Saved/Config/Windows/Scalability.ini]
[2019.10.01-15.44.23:023][  0]LogConfig: Setting CVar [[r.LightFunctionQuality:1]]
[2019.10.01-15.44.23:023][  0]LogConfig: Setting CVar [[r.ShadowQuality:5]]
[2019.10.01-15.44.23:023][  0]LogConfig: Setting CVar [[r.Shadow.CSM.MaxCascades:10]]
[2019.10.01-15.44.23:023][  0]LogConfig: Setting CVar [[r.Shadow.MaxResolution:2048]]
[2019.10.01-15.44.23:023][  0]LogConfig: Setting CVar [[r.Shadow.MaxCSMResolution:2048]]
[2019.10.01-15.44.23:023][  0]LogConfig: Setting CVar [[r.Shadow.RadiusThreshold:0.01]]
[2019.10.01-15.44.23:023][  0]LogConfig: Setting CVar [[r.Shadow.DistanceScale:1.0]]
[2019.10.01-15.44.23:023][  0]LogConfig: Setting CVar [[r.Shadow.CSM.TransitionScale:1.0]]
[2019.10.01-15.44.23:023][  0]LogConfig: Setting CVar [[r.Shadow.PreShadowResolutionFactor:1.0]]
[2019.10.01-15.44.23:023][  0]LogConfig: Setting CVar [[r.DistanceFieldShadowing:1]]
[2019.10.01-15.44.23:023][  0]LogConfig: Setting CVar [[r.DistanceFieldAO:1]]
[2019.10.01-15.44.23:023][  0]LogConfig: Setting CVar [[r.AOQuality:2]]
[2019.10.01-15.44.23:023][  0]LogConfig: Setting CVar [[r.VolumetricFog:1]]
[2019.10.01-15.44.23:023][  0]LogConfig: Setting CVar [[r.VolumetricFog.GridPixelSize:8]]
[2019.10.01-15.44.23:024][  0]LogConfig: Setting CVar [[r.VolumetricFog.GridSizeZ:128]]
[2019.10.01-15.44.23:024][  0]LogConfig: Setting CVar [[r.VolumetricFog.HistoryMissSupersampleCount:4]]
[2019.10.01-15.44.23:024][  0]LogConfig: Setting CVar [[r.LightMaxDrawDistanceScale:1]]
[2019.10.01-15.44.23:024][  0]LogConfig: Setting CVar [[r.CapsuleShadows:1]]
[2019.10.01-15.44.23:024][  0]LogConfig: Applying CVar settings from Section [PostProcessQuality@3] File [C:/Users/mboyer/Documents/Unreal Projects/Boyer_CryptidEscape/Saved/Config/Windows/Scalability.ini]
[2019.10.01-15.44.23:024][  0]LogConfig: Setting CVar [[r.MotionBlurQuality:4]]
[2019.10.01-15.44.23:024][  0]LogConfig: Setting CVar [[r.AmbientOcclusionMipLevelFactor:0.4]]
[2019.10.01-15.44.23:024][  0]LogConfig: Setting CVar [[r.AmbientOcclusionMaxQuality:100]]
[2019.10.01-15.44.23:024][  0]LogConfig: Setting CVar [[r.AmbientOcclusionLevels:-1]]
[2019.10.01-15.44.23:024][  0]LogConfig: Setting CVar [[r.AmbientOcclusionRadiusScale:1.0]]
[2019.10.01-15.44.23:024][  0]LogConfig: Setting CVar [[r.DepthOfFieldQuality:2]]
[2019.10.01-15.44.23:024][  0]LogConfig: Setting CVar [[r.RenderTargetPoolMin:400]]
[2019.10.01-15.44.23:024][  0]LogConfig: Setting CVar [[r.LensFlareQuality:2]]
[2019.10.01-15.44.23:024][  0]LogConfig: Setting CVar [[r.SceneColorFringeQuality:1]]
[2019.10.01-15.44.23:024][  0]LogConfig: Setting CVar [[r.EyeAdaptationQuality:2]]
[2019.10.01-15.44.23:024][  0]LogConfig: Setting CVar [[r.BloomQuality:5]]
[2019.10.01-15.44.23:024][  0]LogConfig: Setting CVar [[r.FastBlurThreshold:100]]
[2019.10.01-15.44.23:024][  0]LogConfig: Setting CVar [[r.Upscale.Quality:3]]
[2019.10.01-15.44.23:024][  0]LogConfig: Setting CVar [[r.Tonemapper.GrainQuantization:1]]
[2019.10.01-15.44.23:024][  0]LogConfig: Setting CVar [[r.LightShaftQuality:1]]
[2019.10.01-15.44.23:024][  0]LogConfig: Setting CVar [[r.Filter.SizeScale:1]]
[2019.10.01-15.44.23:024][  0]LogConfig: Setting CVar [[r.Tonemapper.Quality:5]]
[2019.10.01-15.44.23:024][  0]LogConfig: Setting CVar [[r.DOF.Gather.AccumulatorQuality:1        ; higher gathering accumulator quality]]
[2019.10.01-15.44.23:024][  0]LogConfig: Setting CVar [[r.DOF.Gather.PostfilterMethod:1          ; Median3x3 postfilering method]]
[2019.10.01-15.44.23:024][  0]LogConfig: Setting CVar [[r.DOF.Gather.EnableBokehSettings:0       ; no bokeh simulation when gathering]]
[2019.10.01-15.44.23:024][  0]LogConfig: Setting CVar [[r.DOF.Gather.RingCount:4                 ; medium number of samples when gathering]]
[2019.10.01-15.44.23:024][  0]LogConfig: Setting CVar [[r.DOF.Scatter.ForegroundCompositing:1    ; additive foreground scattering]]
[2019.10.01-15.44.23:024][  0]LogConfig: Setting CVar [[r.DOF.Scatter.BackgroundCompositing:2    ; additive background scattering]]
[2019.10.01-15.44.23:024][  0]LogConfig: Setting CVar [[r.DOF.Scatter.EnableBokehSettings:1      ; bokeh simulation when scattering]]
[2019.10.01-15.44.23:024][  0]LogConfig: Setting CVar [[r.DOF.Scatter.MaxSpriteRatio:0.1         ; only a maximum of 10% of scattered bokeh]]
[2019.10.01-15.44.23:024][  0]LogConfig: Setting CVar [[r.DOF.Recombine.Quality:1                ; cheap slight out of focus]]
[2019.10.01-15.44.23:024][  0]LogConfig: Setting CVar [[r.DOF.Recombine.EnableBokehSettings:0    ; no bokeh simulation on slight out of focus]]
[2019.10.01-15.44.23:024][  0]LogConfig: Setting CVar [[r.DOF.TemporalAAQuality:1                ; more stable temporal accumulation]]
[2019.10.01-15.44.23:024][  0]LogConfig: Setting CVar [[r.DOF.Kernel.MaxForegroundRadius:0.025]]
[2019.10.01-15.44.23:024][  0]LogConfig: Setting CVar [[r.DOF.Kernel.MaxBackgroundRadius:0.025]]
[2019.10.01-15.44.23:024][  0]LogConfig: Applying CVar settings from Section [TextureQuality@3] File [C:/Users/mboyer/Documents/Unreal Projects/Boyer_CryptidEscape/Saved/Config/Windows/Scalability.ini]
[2019.10.01-15.44.23:024][  0]LogConfig: Setting CVar [[r.Streaming.MipBias:0]]
[2019.10.01-15.44.23:024][  0]LogConfig: Setting CVar [[r.Streaming.AmortizeCPUToGPUCopy:0]]
[2019.10.01-15.44.23:024][  0]LogConfig: Setting CVar [[r.Streaming.MaxNumTexturesToStreamPerFrame:0]]
[2019.10.01-15.44.23:024][  0]LogConfig: Setting CVar [[r.Streaming.Boost:1]]
[2019.10.01-15.44.23:024][  0]LogConfig: Setting CVar [[r.MaxAnisotropy:8]]
[2019.10.01-15.44.23:024][  0]LogConfig: Setting CVar [[r.Streaming.LimitPoolSizeToVRAM:0]]
[2019.10.01-15.44.23:024][  0]LogConfig: Setting CVar [[r.Streaming.PoolSize:1000]]
[2019.10.01-15.44.23:024][  0]LogConfig: Setting CVar [[r.Streaming.MaxEffectiveScreenSize:0]]
[2019.10.01-15.44.23:024][  0]LogConfig: Applying CVar settings from Section [EffectsQuality@3] File [C:/Users/mboyer/Documents/Unreal Projects/Boyer_CryptidEscape/Saved/Config/Windows/Scalability.ini]
[2019.10.01-15.44.23:024][  0]LogConfig: Setting CVar [[r.TranslucencyLightingVolumeDim:64]]
[2019.10.01-15.44.23:024][  0]LogConfig: Setting CVar [[r.RefractionQuality:2]]
[2019.10.01-15.44.23:024][  0]LogConfig: Setting CVar [[r.SSR.Quality:3]]
[2019.10.01-15.44.23:024][  0]LogConfig: Setting CVar [[r.SceneColorFormat:4]]
[2019.10.01-15.44.23:024][  0]LogConfig: Setting CVar [[r.DetailMode:2]]
[2019.10.01-15.44.23:024][  0]LogConfig: Setting CVar [[r.TranslucencyVolumeBlur:1]]
[2019.10.01-15.44.23:024][  0]LogConfig: Setting CVar [[r.MaterialQualityLevel:1 ; High quality]]
[2019.10.01-15.44.23:024][  0]LogConfig: Setting CVar [[r.SSS.Scale:1]]
[2019.10.01-15.44.23:024][  0]LogConfig: Setting CVar [[r.SSS.SampleSet:2]]
[2019.10.01-15.44.23:024][  0]LogConfig: Setting CVar [[r.SSS.Quality:1]]
[2019.10.01-15.44.23:024][  0]LogConfig: Setting CVar [[r.SSS.HalfRes:1]]
[2019.10.01-15.44.23:024][  0]LogConfig: Setting CVar [[r.EmitterSpawnRateScale:1.0]]
[2019.10.01-15.44.23:024][  0]LogConfig: Setting CVar [[r.ParticleLightQuality:2]]
[2019.10.01-15.44.23:024][  0]LogConfig: Applying CVar settings from Section [FoliageQuality@3] File [C:/Users/mboyer/Documents/Unreal Projects/Boyer_CryptidEscape/Saved/Config/Windows/Scalability.ini]
[2019.10.01-15.44.23:024][  0]LogConfig: Setting CVar [[foliage.DensityScale:1.0]]
[2019.10.01-15.44.23:024][  0]LogConfig: Setting CVar [[grass.DensityScale:1.0]]
[2019.10.01-15.44.23:024][  0]LogConfig: Applying CVar settings from Section [Startup] File [../../../Engine/Config/ConsoleVariables.ini]
[2019.10.01-15.44.23:025][  0]LogConfig: Setting CVar [[net.UseAdaptiveNetUpdateFrequency:0]]
[2019.10.01-15.44.23:025][  0]LogConfig: Setting CVar [[p.chaos.AllowCreatePhysxBodies:1]]
[2019.10.01-15.44.23:025][  0]LogConfig: Applying CVar settings from Section [ConsoleVariables] File [C:/Users/mboyer/Documents/Unreal Projects/Boyer_CryptidEscape/Saved/Config/Windows/Engine.ini]
[2019.10.01-15.44.23:025][  0]LogInit: Computer: NQSCGL-MSI-04
[2019.10.01-15.44.23:025][  0]LogInit: User: mboyer
[2019.10.01-15.44.23:025][  0]LogInit: CPU Page size=4096, Cores=4
[2019.10.01-15.44.23:025][  0]LogInit: High frequency timer resolution =10.000000 MHz
[2019.10.01-15.44.23:025][  0]LogMemory: Memory total: Physical=31.9GB (32GB approx)
[2019.10.01-15.44.23:025][  0]LogMemory: Platform Memory Stats for Windows
[2019.10.01-15.44.23:025][  0]LogMemory: Process Physical Memory: 100.73 MB used, 100.73 MB peak
[2019.10.01-15.44.23:025][  0]LogMemory: Process Virtual Memory: 100.50 MB used, 100.50 MB peak
[2019.10.01-15.44.23:025][  0]LogMemory: Physical Memory: 6486.76 MB used,  26225.77 MB free, 32712.53 MB total
[2019.10.01-15.44.23:025][  0]LogMemory: Virtual Memory: 4668.52 MB used,  134213056.00 MB free, 134217728.00 MB total
[2019.10.01-15.44.23:027][  0]LogWindows: WindowsPlatformFeatures enabled
[2019.10.01-15.44.23:047][  0]LogInit: Using OS detected language (en-US).
[2019.10.01-15.44.23:047][  0]LogInit: Using OS detected locale (en-US).
[2019.10.01-15.44.23:048][  0]LogTextLocalizationManager: No specific localization for 'en-US' exists, so the 'en' localization will be used.
[2019.10.01-15.44.23:197][  0]LogInit: Setting process to per monitor DPI aware
[2019.10.01-15.44.23:225][  0]LogSlate: New Slate User Created.  User Index 0, Is Virtual User: 0
[2019.10.01-15.44.23:225][  0]LogSlate: Slate User Registered.  User Index 0, Is Virtual User: 0
[2019.10.01-15.44.23:406][  0]LogHMD: Failed to initialize OpenVR with code 110
[2019.10.01-15.44.23:406][  0]LogD3D11RHI: D3D11 adapters:
[2019.10.01-15.44.23:474][  0]LogD3D11RHI:    0. 'NVIDIA GeForce GTX 1070' (Feature Level 11_0)
[2019.10.01-15.44.23:474][  0]LogD3D11RHI:       8088/0/16356 MB DedicatedVideo/DedicatedSystem/SharedSystem, Outputs:1, VendorId:0x10de
[2019.10.01-15.44.23:477][  0]LogD3D11RHI:    1. 'Microsoft Basic Render Driver' (Feature Level 11_0)
[2019.10.01-15.44.23:477][  0]LogD3D11RHI:       0/0/16356 MB DedicatedVideo/DedicatedSystem/SharedSystem, Outputs:0, VendorId:0x1414
[2019.10.01-15.44.23:477][  0]LogD3D11RHI: Chosen D3D11 Adapter: 0
[2019.10.01-15.44.23:482][  0]LogD3D11RHI: Creating new Direct3DDevice
[2019.10.01-15.44.23:482][  0]LogD3D11RHI:     GPU DeviceId: 0x1b81 (for the marketing name, search the web for "GPU Device Id")
[2019.10.01-15.44.23:482][  0]LogWindows: EnumDisplayDevices:
[2019.10.01-15.44.23:482][  0]LogWindows:    0. 'NVIDIA GeForce GTX 1070' (P:1 D:1)
[2019.10.01-15.44.23:483][  0]LogWindows:    1. 'NVIDIA GeForce GTX 1070' (P:0 D:0)
[2019.10.01-15.44.23:483][  0]LogWindows:    2. 'NVIDIA GeForce GTX 1070' (P:0 D:0)
[2019.10.01-15.44.23:483][  0]LogWindows:    3. 'NVIDIA GeForce GTX 1070' (P:0 D:0)
[2019.10.01-15.44.23:483][  0]LogWindows: DebugString: FoundDriverCount:4 
[2019.10.01-15.44.23:483][  0]LogD3D11RHI:     Adapter Name: NVIDIA GeForce GTX 1070
[2019.10.01-15.44.23:483][  0]LogD3D11RHI:   Driver Version: 430.86 (internal:26.21.14.3086, unified:430.86)
[2019.10.01-15.44.23:483][  0]LogD3D11RHI:      Driver Date: 5-22-2019
[2019.10.01-15.44.23:483][  0]LogRHI: Texture pool is 5661 MB (70% of 8088 MB)
[2019.10.01-15.44.23:520][  0]LogD3D11RHI: Async texture creation enabled
[2019.10.01-15.44.23:531][  0]LogD3D11RHI: GPU Timing Frequency: 1000.000000 (Debug: 2 1)
[2019.10.01-15.44.23:879][  0]LogTemp: Display: Module 'AllDesktopTargetPlatform' loaded TargetPlatform 'AllDesktop'
[2019.10.01-15.44.23:887][  0]LogTemp: Display: Module 'MacClientTargetPlatform' loaded TargetPlatform 'MacClient'
[2019.10.01-15.44.23:895][  0]LogTemp: Display: Module 'MacNoEditorTargetPlatform' loaded TargetPlatform 'MacNoEditor'
[2019.10.01-15.44.23:903][  0]LogTemp: Display: Module 'MacServerTargetPlatform' loaded TargetPlatform 'MacServer'
[2019.10.01-15.44.23:910][  0]LogTemp: Display: Module 'MacTargetPlatform' loaded TargetPlatform 'Mac'
[2019.10.01-15.44.23:918][  0]LogTemp: Display: Module 'WindowsClientTargetPlatform' loaded TargetPlatform 'WindowsClient'
[2019.10.01-15.44.23:926][  0]LogTemp: Display: Module 'WindowsNoEditorTargetPlatform' loaded TargetPlatform 'WindowsNoEditor'
[2019.10.01-15.44.23:934][  0]LogTemp: Display: Module 'WindowsServerTargetPlatform' loaded TargetPlatform 'WindowsServer'
[2019.10.01-15.44.23:938][  0]LogTemp: Display: Module 'WindowsTargetPlatform' loaded TargetPlatform 'Windows'
[2019.10.01-15.44.23:966][  0]LogTemp: Display: Module 'AndroidTargetPlatform' loaded TargetPlatform 'Android'
[2019.10.01-15.44.23:966][  0]LogTemp: Display: Module 'AndroidTargetPlatform' loaded TargetPlatform 'Android_ASTC'
[2019.10.01-15.44.23:966][  0]LogTemp: Display: Module 'AndroidTargetPlatform' loaded TargetPlatform 'Android_ATC'
[2019.10.01-15.44.23:966][  0]LogTemp: Display: Module 'AndroidTargetPlatform' loaded TargetPlatform 'Android_DXT'
[2019.10.01-15.44.23:966][  0]LogTemp: Display: Module 'AndroidTargetPlatform' loaded TargetPlatform 'Android_ETC1'
[2019.10.01-15.44.23:966][  0]LogTemp: Display: Module 'AndroidTargetPlatform' loaded TargetPlatform 'Android_ETC1a'
[2019.10.01-15.44.23:966][  0]LogTemp: Display: Module 'AndroidTargetPlatform' loaded TargetPlatform 'Android_ETC2'
[2019.10.01-15.44.23:966][  0]LogTemp: Display: Module 'AndroidTargetPlatform' loaded TargetPlatform 'Android_PVRTC'
[2019.10.01-15.44.23:966][  0]LogTemp: Display: Module 'AndroidTargetPlatform' loaded TargetPlatform 'AndroidClient'
[2019.10.01-15.44.23:966][  0]LogTemp: Display: Module 'AndroidTargetPlatform' loaded TargetPlatform 'Android_ASTCClient'
[2019.10.01-15.44.23:966][  0]LogTemp: Display: Module 'AndroidTargetPlatform' loaded TargetPlatform 'Android_ATCClient'
[2019.10.01-15.44.23:966][  0]LogTemp: Display: Module 'AndroidTargetPlatform' loaded TargetPlatform 'Android_DXTClient'
[2019.10.01-15.44.23:966][  0]LogTemp: Display: Module 'AndroidTargetPlatform' loaded TargetPlatform 'Android_ETC1Client'
[2019.10.01-15.44.23:966][  0]LogTemp: Display: Module 'AndroidTargetPlatform' loaded TargetPlatform 'Android_ETC1aClient'
[2019.10.01-15.44.23:966][  0]LogTemp: Display: Module 'AndroidTargetPlatform' loaded TargetPlatform 'Android_ETC2Client'
[2019.10.01-15.44.23:966][  0]LogTemp: Display: Module 'AndroidTargetPlatform' loaded TargetPlatform 'Android_PVRTCClient'
[2019.10.01-15.44.23:966][  0]LogTemp: Display: Module 'AndroidTargetPlatform' loaded TargetPlatform 'Android_Multi'
[2019.10.01-15.44.23:966][  0]LogTemp: Display: Module 'AndroidTargetPlatform' loaded TargetPlatform 'Android_MultiClient'
[2019.10.01-15.44.23:968][  0]LogTemp: Display: Module 'HTML5TargetPlatform' loaded TargetPlatform 'HTML5'
[2019.10.01-15.44.23:984][  0]LogTemp: Display: Module 'IOSTargetPlatform' loaded TargetPlatform 'IOSClient'
[2019.10.01-15.44.23:984][  0]LogTemp: Display: Module 'IOSTargetPlatform' loaded TargetPlatform 'IOS'
[2019.10.01-15.44.23:996][  0]LogTemp: Display: Module 'TVOSTargetPlatform' loaded TargetPlatform 'TVOSClient'
[2019.10.01-15.44.23:996][  0]LogTemp: Display: Module 'TVOSTargetPlatform' loaded TargetPlatform 'TVOS'
[2019.10.01-15.44.24:002][  0]LogTemp: Display: Module 'LinuxClientTargetPlatform' loaded TargetPlatform 'LinuxClient'
[2019.10.01-15.44.24:008][  0]LogTemp: Display: Module 'LinuxNoEditorTargetPlatform' loaded TargetPlatform 'LinuxNoEditor'
[2019.10.01-15.44.24:014][  0]LogTemp: Display: Module 'LinuxServerTargetPlatform' loaded TargetPlatform 'LinuxServer'
[2019.10.01-15.44.24:021][  0]LogTemp: Display: Module 'LinuxTargetPlatform' loaded TargetPlatform 'Linux'
[2019.10.01-15.44.24:042][  0]LogTemp: Display: Module 'LuminTargetPlatform' loaded TargetPlatform 'Lumin'
[2019.10.01-15.44.24:042][  0]LogTemp: Display: Module 'LuminTargetPlatform' loaded TargetPlatform 'LuminClient'
[2019.10.01-15.44.24:042][  0]LogTargetPlatformManager: Display: Building Assets For Windows
[2019.10.01-15.44.24:051][  0]LogAudioDebug: Display: Lib vorbis DLL was dynamically loaded.
[2019.10.01-15.44.24:099][  0]LogShaderCompilers: Guid format shader working directory is -30 characters bigger than the processId version (../../../../../../Users/mboyer/Documents/Unreal Projects/Boyer_CryptidEscape/Intermediate/Shaders/WorkingDirectory/13368/).
[2019.10.01-15.44.24:099][  0]LogShaderCompilers: Cleaned the shader compiler working directory 'C:/Users/mboyer/AppData/Local/Temp/UnrealShaderWorkingDir/6C48489A4C8147A32CE0379A36BC3332/'.
[2019.10.01-15.44.24:101][  0]LogXGEController: Cannot use XGE Controller as Incredibuild is not installed on this machine.
[2019.10.01-15.44.24:101][  0]LogShaderCompilers: Cannot use XGE Shader Compiler as Incredibuild is not installed on this machine.
[2019.10.01-15.44.24:101][  0]LogShaderCompilers: Display: Using Local Shader Compiler.
[2019.10.01-15.44.24:631][  0]LogDerivedDataCache: Display: Max Cache Size: 512 MB
[2019.10.01-15.44.24:673][  0]LogDerivedDataCache: Loaded boot cache 0.04s 74MB C:/Users/mboyer/AppData/Local/UnrealEngine/4.23/DerivedDataCache/Boot.ddc.
[2019.10.01-15.44.24:673][  0]LogDerivedDataCache: Display: Loaded Boot cache: C:/Users/mboyer/AppData/Local/UnrealEngine/4.23/DerivedDataCache/Boot.ddc
[2019.10.01-15.44.24:674][  0]LogDerivedDataCache: FDerivedDataBackendGraph:  Pak pak cache file ../../../../../../Users/mboyer/Documents/Unreal Projects/Boyer_CryptidEscape/DerivedDataCache/DDC.ddp not found, will not use a pak cache.
[2019.10.01-15.44.24:674][  0]LogDerivedDataCache: Unable to find inner node Pak for hierarchical cache Hierarchy.
[2019.10.01-15.44.24:674][  0]LogDerivedDataCache: FDerivedDataBackendGraph:  CompressedPak pak cache file ../../../../../../Users/mboyer/Documents/Unreal Projects/Boyer_CryptidEscape/DerivedDataCache/Compressed.ddp not found, will not use a pak cache.
[2019.10.01-15.44.24:674][  0]LogDerivedDataCache: Unable to find inner node CompressedPak for hierarchical cache Hierarchy.
[2019.10.01-15.44.24:683][  0]LogDerivedDataCache: Display: Pak cache opened for reading ../../../Engine/DerivedDataCache/Compressed.ddp.
[2019.10.01-15.44.24:683][  0]LogDerivedDataCache: FDerivedDataBackendGraph:  EnterprisePak pak cache file ../../../Enterprise/DerivedDataCache/Compressed.ddp not found, will not use a pak cache.
[2019.10.01-15.44.24:683][  0]LogDerivedDataCache: Unable to find inner node EnterprisePak for hierarchical cache Hierarchy.
[2019.10.01-15.44.24:685][  0]LogDerivedDataCache: Using Local data cache path C:/Users/mboyer/AppData/Local/UnrealEngine/Common/DerivedDataCache: Writable
[2019.10.01-15.44.24:685][  0]LogDerivedDataCache: Shared data cache path not found in *engine.ini, will not use an Shared cache.
[2019.10.01-15.44.24:685][  0]LogDerivedDataCache: Unable to find inner node Shared for hierarchical cache Hierarchy.
[2019.10.01-15.44.24:703][  0]LogMaterial: Verifying Global Shaders for PCD3D_SM5
[2019.10.01-15.44.24:705][  0]LogSlate: Using FreeType 2.6.0
[2019.10.01-15.44.24:706][  0]LogSlate: SlateFontServices - WITH_FREETYPE: 1, WITH_HARFBUZZ: 1
[2019.10.01-15.44.24:764][  0]LogAssetRegistry: FAssetRegistry took 0.0021 seconds to start up
[2019.10.01-15.44.24:988][  0]LogInit: Selected Device Profile: [Windows]
[2019.10.01-15.44.25:118][  0]LogMeshReduction: Using QuadricMeshReduction for automatic static mesh reduction
[2019.10.01-15.44.25:118][  0]LogMeshReduction: Using SimplygonMeshReduction for automatic skeletal mesh reduction
[2019.10.01-15.44.25:118][  0]LogMeshReduction: Using ProxyLODMeshReduction for automatic mesh merging
[2019.10.01-15.44.25:118][  0]LogMeshReduction: No distributed automatic mesh merging module available
[2019.10.01-15.44.25:118][  0]LogMeshMerging: No distributed automatic mesh merging module available
[2019.10.01-15.44.25:126][  0]LogNetVersion: Boyer_CryptidEscape 1.0.0, NetCL: 8386587, EngineNetVer: 11, GameNetVer: 0 (Checksum: 2580669488)
[2019.10.01-15.44.25:475][  0]LogPackageLocalizationCache: Processed 12 localized package path(s) for 1 prioritized culture(s) in 0.037264 seconds
[2019.10.01-15.44.25:481][  0]LogUObjectArray: 43444 objects as part of root set at end of initial load.
[2019.10.01-15.44.25:481][  0]LogUObjectAllocator: 7548648 out of 0 bytes used by permanent object pool.
[2019.10.01-15.44.25:481][  0]LogUObjectArray: CloseDisregardForGC: 0/0 objects in disregard for GC pool
[2019.10.01-15.44.26:310][  0]LogTcpMessaging: Initializing TcpMessaging bridge
[2019.10.01-15.44.26:312][  0]LogUdpMessaging: Initializing bridge on interface 0.0.0.0:0 to multicast group 230.0.0.1:6666.
[2019.10.01-15.44.26:358][  0]SourceControl: Source control is disabled
[2019.10.01-15.44.26:359][  0]SourceControl: Source control is disabled
[2019.10.01-15.44.26:360][  0]SourceControl: Source control is disabled
[2019.10.01-15.44.26:360][  0]SourceControl: Source control is disabled
[2019.10.01-15.44.26:367][  0]LogVSAccessor: Display: Unable to create Visual Studio setup instance: 80040154
[2019.10.01-15.44.26:368][  0]LogVSAccessor: Display: Unable to create Visual Studio setup instance: 80040154
[2019.10.01-15.44.26:439][  0]LogAndroidPermission: UAndroidPermissionCallbackProxy::GetInstance
[2019.10.01-15.44.26:607][  0]LogOcInput: OculusInput pre-init called
[2019.10.01-15.44.26:613][  0]LogWindows: Failed to load 'OVRPlugin.dll' (GetLastError=126)
[2019.10.01-15.44.26:613][  0]LogWindows: File 'OVRPlugin.dll' does not exist
[2019.10.01-15.44.26:671][  0]LogEngine: Initializing Engine...
[2019.10.01-15.44.26:672][  0]LogHMD: Failed to initialize OpenVR with code 110
[2019.10.01-15.44.26:673][  0]LogStats: UGameplayTagsManager::InitializeManager -  0.000 s
[2019.10.01-15.44.26:858][  0]LogInit: Initializing FReadOnlyCVARCache
[2019.10.01-15.44.26:873][  0]LogAIModule: Creating AISystem for world Untitled
[2019.10.01-15.44.26:913][  0]LogInit: XAudio2 using 'Speakers (Realtek High Definition Audio)' : 2 channels at 48 kHz using 32 bits per sample (channel mask 0x3)
[2019.10.01-15.44.27:241][  0]LogInit: FAudioDevice initialized.
[2019.10.01-15.44.27:241][  0]LogNetVersion: Set ProjectVersion to 1.0.0.0. Version Checksum will be recalculated on next use.
[2019.10.01-15.44.27:394][  0]LogDerivedDataCache: Saved boot cache 0.15s 73MB C:/Users/mboyer/AppData/Local/UnrealEngine/4.23/DerivedDataCache/Boot.ddc.
[2019.10.01-15.44.27:397][  0]LogInit: Texture streaming: Enabled
[2019.10.01-15.44.27:416][  0]LogEngineSessionManager: EngineSessionManager initialized
[2019.10.01-15.44.27:458][  0]LogInit: Transaction tracking system initialized
[2019.10.01-15.44.27:489][  0]BlueprintLog: New page: Editor Load
[2019.10.01-15.44.27:560][  0]LocalizationService: Localization service is disabled
[2019.10.01-15.44.27:616][  0]LogVSAccessor: Display: Unable to create Visual Studio setup instance: 80040154
[2019.10.01-15.44.27:616][  0]LogVSAccessor: Display: Unable to create Visual Studio setup instance: 80040154
[2019.10.01-15.44.27:780][  0]LogFileCache: Scanning file cache for directory 'C:/Users/mboyer/Documents/Unreal Projects/Boyer_CryptidEscape/Content/' took 0.00s
[2019.10.01-15.44.27:780][  0]LogCook: Display: Max memory allowance for cook 16384mb min free memory 0mb
[2019.10.01-15.44.27:780][  0]LogCook: Display: Mobile HDR setting 1
[2019.10.01-15.44.27:949][  0]SourceControl: Source control is disabled
[2019.10.01-15.44.27:949][  0]Cmd: MAP LOAD FILE="../../../../../../Users/mboyer/Documents/Unreal Projects/Boyer_CryptidEscape/Content/FirstPersonBP/Maps/FirstPersonExampleMap.umap" TEMPLATE=0 SHOWPROGRESS=1 FEATURELEVEL=3
[2019.10.01-15.44.27:949][  0]LightingResults: New page: Lighting Build
[2019.10.01-15.44.27:952][  0]LogWorld: UWorld::CleanupWorld for Untitled, bSessionEnded=true, bCleanupResources=true
[2019.10.01-15.44.27:952][  0]MapCheck: New page: Map Check
[2019.10.01-15.44.27:952][  0]LightingResults: New page: Lighting Build
[2019.10.01-15.44.27:975][  0]LogUObjectHash: Compacting FUObjectHashTables data took   1.31ms
[2019.10.01-15.44.28:413][  0]LogTexture: Display: Building textures: HQ_Lightmap1_5 (AutoDXT, 64X64)
[2019.10.01-15.44.28:413][  0]LogTexture: Display: Building textures: LQ_Lightmap_1_2 (DXT1, 2048X2048)
[2019.10.01-15.44.28:413][  0]LogTexture: Display: Building textures: HQ_Lightmap1_4 (AutoDXT, 2048X2048)
[2019.10.01-15.44.28:413][  0]LogTexture: Display: Building textures: LQ_Lightmap_1_1 (DXT1, 2048X2048)
[2019.10.01-15.44.28:413][  0]LogTexture: Display: Building textures: HQ_Lightmap1_2 (AutoDXT, 2048X2048)
[2019.10.01-15.44.28:413][  0]LogTexture: Display: Building textures: HQ_Lightmap1_1 (AutoDXT, 2048X2048)
[2019.10.01-15.44.28:413][  0]LogTexture: Display: Building textures: HQ_Lightmap1_3 (AutoDXT, 2048X2048)
[2019.10.01-15.44.30:154][  0]LogTexture: Display: Building textures: LQ_Lightmap_1_3 (DXT1, 2048X2048)
[2019.10.01-15.44.30:154][  0]LogTexture: Display: Building textures: LQ_Lightmap_1_4 (DXT1, 2048X2048)
[2019.10.01-15.44.30:154][  0]LogTexture: Display: Building textures: LQ_Lightmap_1_5 (DXT1, 64X64)
[2019.10.01-15.44.30:154][  0]LogTexture: Display: Building textures: SkyOcclusion1_1 (AutoDXT, 2048X1024)
[2019.10.01-15.44.30:154][  0]LogTexture: Display: Building textures: SkyOcclusion1_2 (AutoDXT, 2048X1024)
[2019.10.01-15.44.30:154][  0]LogTexture: Display: Building textures: SkyOcclusion1_3 (AutoDXT, 2048X1024)
[2019.10.01-15.44.30:154][  0]LogTexture: Display: Building textures: SkyOcclusion1_4 (AutoDXT, 2048X1024)
[2019.10.01-15.44.30:154][  0]LogTexture: Display: Building textures: SkyOcclusion1_5 (AutoDXT, 64X32)
[2019.10.01-15.44.30:154][  0]LogTexture: Display: Building textures: ShadowMapTexture2D_10 (G8, 1024X1024)
[2019.10.01-15.44.30:154][  0]LogTexture: Display: Building textures: ShadowMapTexture2D_11 (G8, 1024X1024)
[2019.10.01-15.44.30:154][  0]LogTexture: Display: Building textures: ShadowMapTexture2D_12 (G8, 1024X1024)
[2019.10.01-15.44.30:154][  0]LogTexture: Display: Building textures: ShadowMapTexture2D_13 (G8, 1024X1024)
[2019.10.01-15.44.30:154][  0]LogTexture: Display: Building textures: ShadowMapTexture2D_14 (G8, 1024X1024)
[2019.10.01-15.44.30:154][  0]LogTexture: Display: Building textures: ShadowMapTexture2D_15 (G8, 32X32)
[2019.10.01-15.44.30:154][  0]LogTexture: Display: Building textures: ShadowMapTexture2D_8 (G8, 1024X1024)
[2019.10.01-15.44.30:154][  0]LogTexture: Display: Building textures: ShadowMapTexture2D_9 (G8, 1024X1024)
[2019.10.01-15.44.30:154][  0]LogAIModule: Creating AISystem for world FirstPersonExampleMap
[2019.10.01-15.44.30:168][  0]LogEditorServer: Finished looking for orphan Actors (0.000 secs)
[2019.10.01-15.44.30:191][  0]LogUObjectHash: Compacting FUObjectHashTables data took   1.72ms
[2019.10.01-15.44.30:191][  0]Cmd: MAP CHECKDEP NOCLEARLOG
[2019.10.01-15.44.30:191][  0]MapCheck: Map check complete: 0 Error(s), 0 Warning(s), took 0.155ms to complete.
[2019.10.01-15.44.30:191][  0]LogFileHelpers: Loading map 'FirstPersonExampleMap' took 2.243
[2019.10.01-15.44.30:278][  0]LogSlate: Updating window title bar state: overlay mode, drag disabled, window buttons hidden, title bar hidden
[2019.10.01-15.44.30:293][  0]LogSlate: Updating window title bar state: overlay mode, drag disabled, window buttons hidden, title bar hidden
[2019.10.01-15.44.30:299][  0]LogSlate: Updating window title bar state: overlay mode, drag disabled, window buttons hidden, title bar hidden
[2019.10.01-15.44.30:304][  0]LogSlate: Updating window title bar state: overlay mode, drag disabled, window buttons hidden, title bar hidden
[2019.10.01-15.44.30:310][  0]LogCollectionManager: Loaded 0 collections in 0.001732 seconds
[2019.10.01-15.44.30:492][  0]LogFileCache: Scanning file cache for directory 'C:/Users/mboyer/Documents/Unreal Projects/Boyer_CryptidEscape/Saved/Collections/' took 0.00s
[2019.10.01-15.44.30:492][  0]LogFileCache: Scanning file cache for directory 'C:/Users/mboyer/Documents/Unreal Projects/Boyer_CryptidEscape/Content/Developers/mboyer/Collections/' took 0.00s
[2019.10.01-15.44.30:492][  0]LogFileCache: Scanning file cache for directory 'C:/Users/mboyer/Documents/Unreal Projects/Boyer_CryptidEscape/Content/Collections/' took 0.00s
[2019.10.01-15.44.30:492][  0]LogCollectionManager: Rebuilt the GUID cache for 0 collections in 0.000002 seconds
[2019.10.01-15.44.30:499][  0]LogContentBrowser: Native class hierarchy populated in 0.0069 seconds. Added 2863 classes and 680 folders.
[2019.10.01-15.44.30:505][  0]LogContentBrowser: Native class hierarchy updated for 'WidgetCarousel' in 0.0002 seconds. Added 0 classes and 0 folders.
[2019.10.01-15.44.30:544][  0]LogContentBrowser: Native class hierarchy updated for 'AddContentDialog' in 0.0002 seconds. Added 0 classes and 0 folders.
[2019.10.01-15.44.30:549][  0]LogContentBrowser: Native class hierarchy updated for 'SceneOutliner' in 0.0002 seconds. Added 1 classes and 2 folders.
[2019.10.01-15.44.30:560][  0]LogSlate: Took 0.000208 seconds to synchronously load lazily loaded font '../../../Engine/Content/Slate/Fonts/Roboto-Regular.ttf' (155K)
[2019.10.01-15.44.30:562][  0]LogSlate: Took 0.000164 seconds to synchronously load lazily loaded font '../../../Engine/Content/Slate/Fonts/Roboto-Bold.ttf' (160K)
[2019.10.01-15.44.30:565][  0]LogSlate: Took 0.000223 seconds to synchronously load lazily loaded font '../../../Engine/Content/Editor/Slate/Fonts/FontAwesome.ttf' (139K)
[2019.10.01-15.44.30:617][  0]LogRenderer: Reallocating scene render targets to support 1056x556 Format 10 NumSamples 1 (Frame:1).
[2019.10.01-15.44.30:690][  0]LogSlate: FSceneViewport::OnFocusLost() reason 5
[2019.10.01-15.44.30:703][  0]LogSlate: Window 'Tutorials' being destroyed
[2019.10.01-15.44.30:712][  0]LogContentBrowser: Native class hierarchy updated for 'HierarchicalLODOutliner' in 0.0002 seconds. Added 0 classes and 0 folders.
[2019.10.01-15.44.30:713][  0]LogLoad: (Engine Initialization) Total time: 8.75 seconds
[2019.10.01-15.44.30:713][  0]LogLoad: (Engine Initialization) Total Blueprint compile time: 0.00 seconds
[2019.10.01-15.44.30:755][  0]LogAssetRegistry: Asset discovery search completed in 5.9915 seconds
[2019.10.01-15.44.30:758][  0]LogCollectionManager: Rebuilt the object cache for 0 collections in 0.000003 seconds (found 0 objects)
[2019.10.01-15.44.30:758][  0]LogCollectionManager: Fixed up redirectors for 0 collections in 0.000041 seconds (updated 0 objects)
[2019.10.01-15.44.30:760][  0]LogContentStreaming: Texture pool size now 1000 MB
[2019.10.01-15.44.30:788][  0]LogSlate: Took 0.000244 seconds to synchronously load lazily loaded font '../../../Engine/Content/Slate/Fonts/Roboto-Light.ttf' (167K)
[2019.10.01-15.44.39:644][ 45]Cmd: DELETE
[2019.10.01-15.44.39:644][ 45]Cmd: ACTOR DELETE
[2019.10.01-15.44.39:648][ 45]LogEditorActor: Deleted Actor: Brush
[2019.10.01-15.44.39:668][ 45]LogUObjectHash: Compacting FUObjectHashTables data took   1.07ms
[2019.10.01-15.44.39:679][ 45]LogEditorActor: Deleted 1 Actors (0.035 secs)
[2019.10.01-15.44.44:761][652]LogSlate: FSceneViewport::OnFocusLost() reason 0
[2019.10.01-15.44.47:333][959]Cmd: BRUSH ADD SELECTNEWBRUSH
[2019.10.01-15.44.56:136][  7]LogSlate: FSceneViewport::OnFocusLost() reason 0
[2019.10.01-15.45.25:750][549]LogSlate: FSceneViewport::OnFocusLost() reason 0
[2019.10.01-15.45.39:273][166]LogEditorViewport: Clicking on Actor (LMB): Brush (Linear Stair Brush)
[2019.10.01-15.45.59:106][499]LogEditorViewport: Clicking on Actor (LMB): StaticMeshActor (Wall2)
[2019.10.01-15.46.04:645][135]LogSlate: FSceneViewport::OnFocusLost() reason 5
[2019.10.01-15.46.08:082][543]LogEditorViewport: Clicking on Actor (LMB): BP_Sky_Sphere_C (SkySphereBlueprint)
[2019.10.01-15.46.16:089][482]LogSlate: FSceneViewport::OnFocusLost() reason 0
[2019.10.01-15.46.19:232][856]Cmd: BRUSH ADD SELECTNEWBRUSH
[2019.10.01-15.46.40:074][277]LogSlate: FSceneViewport::OnFocusLost() reason 0
[2019.10.01-15.46.44:154][757]LogEditorViewport: Clicking on Actor (LMB): BP_Sky_Sphere_C (SkySphereBlueprint)
[2019.10.01-15.46.49:787][405]LogEditorViewport: Clicking on Actor (LMB): StaticMeshActor (Wall2)
[2019.10.01-15.46.54:256][936]LogSlate: Took 0.000272 seconds to synchronously load lazily loaded font '../../../Engine/Content/Slate/Fonts/Roboto-Light.ttf' (167K)
[2019.10.01-15.46.54:260][936]LogSlate: FSceneViewport::OnFocusLost() reason 5
[2019.10.01-15.46.54:288][936]LogUObjectHash: Compacting FUObjectHashTables data took   1.41ms
[2019.10.01-15.46.54:446][936]LogSavePackage: Moving '../../../../../../Users/mboyer/Documents/Unreal Projects/Boyer_CryptidEscape/Saved/FirstPersonExampleMapA47F2765454A2EB09DBBE9A8F2E71EC8.tmp' to '../../../../../../Users/mboyer/Documents/Unreal Projects/Boyer_CryptidEscape/Content/FirstPersonBP/Maps/FirstPersonExampleMap.umap'
[2019.10.01-15.46.55:463][936]LogSavePackage: Moving '../../../../../../Users/mboyer/Documents/Unreal Projects/Boyer_CryptidEscape/Saved/FirstPersonExampleMap_BuiltData9D9564BB460083F815F4B88C47033F09.tmp' to '../../../../../../Users/mboyer/Documents/Unreal Projects/Boyer_CryptidEscape/Content/FirstPersonBP/Maps/FirstPersonExampleMap_BuiltData.uasset'
[2019.10.01-15.47.30:801][138]LogHttp: Warning: 000001DF93DBC680: invalid HTTP response code received. URL: https://datarouter.ol.epicgames.com/datarouter/api/v1/public/data?SessionID=%7B68CDC315-4102-7B27-A3D1-E0AB4419CDE1%7D&AppID=UEEditor.Rocket.Release&AppVersion=4.23.0-8386587%2B%2B%2BUE4%2BRelease-4.23&UserID=f108bb8a419c9fee0cf4a18058e6e009%7Ce9b8de72854043bea001547eeccedc0e%7Ce844ecd7-4f24-4534-9c17-3cfb9993a414&AppEnvironment=datacollector-binary&UploadType=eteventstream, HTTP code: 0, content length: -1, actual payload size: 0
[2019.10.01-15.47.30:801][138]LogHttp: Warning: 000001DF93DBC680: request failed, libcurl error: 0 (No error)
[2019.10.01-15.47.30:801][138]LogHttp: Warning: 000001DF93DBC680: libcurl info message cache 0 (Found bundle for host datarouter.ol.epicgames.com: 0x1df9699bf70 [can pipeline])
[2019.10.01-15.47.30:801][138]LogHttp: Warning: 000001DF93DBC680: libcurl info message cache 1 (Re-using existing connection! (#0) with host datarouter.ol.epicgames.com)
[2019.10.01-15.47.30:801][138]LogHttp: Warning: 000001DF93DBC680: libcurl info message cache 2 (Connected to datarouter.ol.epicgames.com (52.44.188.211) port 443 (#0))
[2019.10.01-15.47.30:801][138]LogHttp: Warning: 000001DF93DBC680: libcurl info message cache 3 (We are completely uploaded and fine)
[2019.10.01-15.47.30:801][138]LogHttp: Warning: 000001DF93DBC680: libcurl info message cache 4 (TLSv1.2 (IN), TLS alert, Client hello (1):)
[2019.10.01-15.47.30:801][138]LogHttp: Warning: 000001DF93DBC680: libcurl info message cache 5 (Connection died, retrying a fresh connect)
[2019.10.01-15.47.30:801][138]LogHttp: Warning: 000001DF93DBC680: libcurl info message cache 6 (necessary data rewind wasn't possible)
[2019.10.01-15.47.30:801][138]LogHttp: Warning: 000001DF93DBC680: libcurl info message cache 7 (Closing connection 0)
[2019.10.01-15.47.30:801][138]LogHttp: Warning: 000001DF93DBC680: libcurl info message cache 8 (TLSv1.2 (OUT), TLS alert, Client hello (1):)
[2019.10.01-15.47.30:801][138]LogHttp: Warning: Retry exhausted on https://datarouter.ol.epicgames.com/datarouter/api/v1/public/data?SessionID=%7B68CDC315-4102-7B27-A3D1-E0AB4419CDE1%7D&AppID=UEEditor.Rocket.Release&AppVersion=4.23.0-8386587%2B%2B%2BUE4%2BRelease-4.23&UserID=f108bb8a419c9fee0cf4a18058e6e009%7Ce9b8de72854043bea001547eeccedc0e%7Ce844ecd7-4f24-4534-9c17-3cfb9993a414&AppEnvironment=datacollector-binary&UploadType=eteventstream
[2019.10.01-15.47.35:322][676]LogSlate: FSceneViewport::OnFocusLost() reason 0
[2019.10.01-15.47.35:397][685]LogDialogs: Warning: Suppressed: Extrude only works with Local Coordinates System
[2019.10.01-15.47.45:596][872]LogSlate: FSceneViewport::OnFocusLost() reason 0
[2019.10.01-15.47.55:133][989]Cmd: POLY SELECT MEMORY UNION
[2019.10.01-15.47.55:216][999]Cmd: POLY SELECT MEMORY UNION
[2019.10.01-15.47.55:449][ 27]Cmd: POLY SELECT MEMORY UNION
[2019.10.01-15.48.00:473][606]LogEditorViewport: Clicking on Actor (LMB): BP_Sky_Sphere_C (SkySphereBlueprint)
[2019.10.01-15.48.05:888][236]LogSlate: FSceneViewport::OnFocusLost() reason 0
[2019.10.01-15.48.05:928][241]LogDialogs: Warning: Suppressed: Extrude only works with Local Coordinates System
[2019.10.01-15.48.48:418][252]LogSlate: FSceneViewport::OnFocusLost() reason 0
[2019.10.01-15.49.03:184][970]LogEditorViewport: Clicking on Actor (LMB): StaticMeshActor (Floor)
[2019.10.01-15.49.19:588][872]LogEditorViewport: Clicking on Actor (LMB): StaticMeshActor (Wall4)
[2019.10.01-15.49.27:024][706]Cmd: TRANSACTION UNDO
[2019.10.01-15.49.27:024][706]LogEditorTransaction: Undo Move Actors
[2019.10.01-15.49.27:043][706]LogGeometryMode: Warning: Unable to find 1 Poly(s) in new BSP
[2019.10.01-15.49.27:043][706]LogGeometryMode: Warning: Unable to resolve BoxBrush6 Brush in new BSP, see above
[2019.10.01-15.49.27:043][706]LogGeometryMode: Warning: Unable to find all previously selected geometry data, resetting selection
[2019.10.01-15.49.28:311][852]LogSlate: FSceneViewport::OnFocusLost() reason 0
[2019.10.01-15.49.31:507][230]LogEditorViewport: Clicking on Actor (LMB): BP_Sky_Sphere_C (SkySphereBlueprint)
[2019.10.01-15.49.42:185][506]LogSlate: FSceneViewport::OnFocusLost() reason 5
[2019.10.01-15.49.42:212][506]LogUObjectHash: Compacting FUObjectHashTables data took   1.56ms
[2019.10.01-15.49.42:374][506]LogSavePackage: Moving '../../../../../../Users/mboyer/Documents/Unreal Projects/Boyer_CryptidEscape/Saved/FirstPersonExampleMap41070B064E3E348F2BCFEDA5ECC4F2E9.tmp' to '../../../../../../Users/mboyer/Documents/Unreal Projects/Boyer_CryptidEscape/Content/FirstPersonBP/Maps/FirstPersonExampleMap.umap'
[2019.10.01-15.49.43:130][506]LogSavePackage: Moving '../../../../../../Users/mboyer/Documents/Unreal Projects/Boyer_CryptidEscape/Saved/FirstPersonExampleMap_BuiltData12A5537B4952BD141E5044B20F7AB453.tmp' to '../../../../../../Users/mboyer/Documents/Unreal Projects/Boyer_CryptidEscape/Content/FirstPersonBP/Maps/FirstPersonExampleMap_BuiltData.uasset'
[2019.10.01-15.50.03:319][889]LogSlate: FSceneViewport::OnFocusLost() reason 0
[2019.10.01-15.50.06:129][225]LogSlate: FSceneViewport::OnFocusLost() reason 0
[2019.10.01-15.50.09:475][624]Cmd: BRUSH ADD SELECTNEWBRUSH
[2019.10.01-15.50.10:815][781]LogSlate: FSceneViewport::OnFocusLost() reason 0
[2019.10.01-15.50.29:534][958]LogGeometryMode: Warning: Unable to find BoxBrush6 Brush(s) in new BSP
[2019.10.01-15.50.29:534][958]LogGeometryMode: Warning: Unable to find all previously selected geometry data, resetting selection
[2019.10.01-15.50.33:807][444]LogGeometryMode: Warning: Unable to find BoxBrush23 Brush(s) in new BSP
[2019.10.01-15.50.33:807][444]LogGeometryMode: Warning: Unable to find all previously selected geometry data, resetting selection
[2019.10.01-15.50.38:735][ 25]LogEditorViewport: Clicking on Actor (LMB): BP_Sky_Sphere_C (SkySphereBlueprint)
[2019.10.01-15.50.39:095][ 65]LogSlate: FSceneViewport::OnFocusLost() reason 5
[2019.10.01-15.50.39:122][ 65]LogUObjectHash: Compacting FUObjectHashTables data took   1.70ms
[2019.10.01-15.50.39:277][ 65]LogSavePackage: Moving '../../../../../../Users/mboyer/Documents/Unreal Projects/Boyer_CryptidEscape/Saved/FirstPersonExampleMap7A3EA64B4A2187F2FF84E1BEB3DFAB47.tmp' to '../../../../../../Users/mboyer/Documents/Unreal Projects/Boyer_CryptidEscape/Content/FirstPersonBP/Maps/FirstPersonExampleMap.umap'
[2019.10.01-15.50.40:018][ 65]LogSavePackage: Moving '../../../../../../Users/mboyer/Documents/Unreal Projects/Boyer_CryptidEscape/Saved/FirstPersonExampleMap_BuiltData744150A940B5C635BE6C9780D5056265.tmp' to '../../../../../../Users/mboyer/Documents/Unreal Projects/Boyer_CryptidEscape/Content/FirstPersonBP/Maps/FirstPersonExampleMap_BuiltData.uasset'
[2019.10.01-15.50.55:107][860]Cmd: EDCALLBACK SURFPROPS
[2019.10.01-15.50.59:508][370]Cmd: TRANSACTION UNDO
[2019.10.01-15.50.59:508][370]LogEditorTransaction: Undo Move Actors
[2019.10.01-15.50.59:529][370]LogGeometryMode: Warning: Unable to find 1 Poly(s) in new BSP
[2019.10.01-15.50.59:529][370]LogGeometryMode: Warning: Unable to resolve BoxBrush6 Brush in new BSP, see above
[2019.10.01-15.50.59:529][370]LogGeometryMode: Warning: Unable to find all previously selected geometry data, resetting selection
[2019.10.01-15.51.00:119][436]LogEditorViewport: Clicking on Actor (LMB): StaticMeshActor (Wall2)
[2019.10.01-15.51.06:667][212]LogSlate: FSceneViewport::OnFocusLost() reason 5
[2019.10.01-15.51.06:694][212]LogUObjectHash: Compacting FUObjectHashTables data took   1.56ms
[2019.10.01-15.51.06:844][212]LogSavePackage: Moving '../../../../../../Users/mboyer/Documents/Unreal Projects/Boyer_CryptidEscape/Saved/FirstPersonExampleMap03E6A1434A9786971485BFBEE178A843.tmp' to '../../../../../../Users/mboyer/Documents/Unreal Projects/Boyer_CryptidEscape/Content/FirstPersonBP/Maps/FirstPersonExampleMap.umap'
[2019.10.01-15.51.07:587][212]LogSavePackage: Moving '../../../../../../Users/mboyer/Documents/Unreal Projects/Boyer_CryptidEscape/Saved/FirstPersonExampleMap_BuiltData4451B2F845A3409D33F24AB0744228D3.tmp' to '../../../../../../Users/mboyer/Documents/Unreal Projects/Boyer_CryptidEscape/Content/FirstPersonBP/Maps/FirstPersonExampleMap_BuiltData.uasset'
[2019.10.01-15.51.07:930][251]LogSlate: FSceneViewport::OnFocusLost() reason 0
[2019.10.01-15.51.16:578][281]Cmd: BRUSH ADD SELECTNEWBRUSH
[2019.10.01-15.51.22:443][981]LogSlate: FSceneViewport::OnFocusLost() reason 0
[2019.10.01-15.51.38:918][932]LogSlate: FSceneViewport::OnFocusLost() reason 0
[2019.10.01-15.51.53:942][682]LogEditorViewport: Clicking on Actor (LMB): StaticMeshActor (Wall2)
[2019.10.01-15.51.56:430][957]LogSlate: FSceneViewport::OnFocusLost() reason 0
[2019.10.01-15.52.09:942][570]LogSlate: FSceneViewport::OnFocusLost() reason 0
[2019.10.01-15.52.18:302][570]LogSlate: FSceneViewport::OnFocusLost() reason 2
[2019.10.01-15.52.20:000][773]Cmd: EDIT COPY
[2019.10.01-15.52.20:256][803]Cmd: EDIT PASTE
[2019.10.01-15.52.27:686][675]Cmd: EDIT COPY
[2019.10.01-15.52.27:907][699]Cmd: EDIT PASTE
[2019.10.01-15.52.33:534][359]Cmd: EDIT COPY
[2019.10.01-15.52.33:743][383]Cmd: EDIT PASTE
[2019.10.01-15.52.36:039][648]LogEditorViewport: Clicking on Actor (LMB): PostProcessVolume (PostProcessVolume)
[2019.10.01-15.53.28:232][870]Cmd: EDIT COPY
[2019.10.01-15.53.28:480][899]Cmd: EDIT PASTE
[2019.10.01-15.54.04:420][156]Cmd: DELETE
[2019.10.01-15.54.04:420][156]Cmd: ACTOR DELETE
[2019.10.01-15.54.04:426][156]LogEditorActor: Deleted Actor: Brush
[2019.10.01-15.54.04:448][156]LogUObjectHash: Compacting FUObjectHashTables data took   1.56ms
[2019.10.01-15.54.04:464][156]LogEditorActor: Deleted 1 Actors (0.044 secs)
[2019.10.01-15.54.05:802][312]Cmd: EDIT COPY
[2019.10.01-15.54.06:023][338]Cmd: EDIT PASTE
[2019.10.01-15.54.08:396][603]Cmd: EDIT COPY
[2019.10.01-15.54.08:615][628]Cmd: EDIT PASTE
[2019.10.01-15.54.10:670][861]Cmd: EDIT COPY
[2019.10.01-15.54.10:909][889]Cmd: EDIT PASTE
[2019.10.01-15.54.12:684][ 90]Cmd: EDIT COPY
[2019.10.01-15.54.12:874][112]Cmd: EDIT PASTE
[2019.10.01-15.54.14:400][283]Cmd: EDIT COPY
[2019.10.01-15.54.14:589][305]Cmd: EDIT PASTE
[2019.10.01-15.54.16:206][486]Cmd: EDIT COPY
[2019.10.01-15.54.16:478][518]Cmd: EDIT PASTE
[2019.10.01-15.54.18:166][708]Cmd: EDIT COPY
[2019.10.01-15.54.18:405][736]Cmd: EDIT PASTE
[2019.10.01-15.54.23:521][330]Cmd: DELETE
[2019.10.01-15.54.23:521][330]Cmd: ACTOR DELETE
[2019.10.01-15.54.23:529][330]LogEditorActor: Deleted Actor: Brush
[2019.10.01-15.54.23:553][330]LogUObjectHash: Compacting FUObjectHashTables data took   1.60ms
[2019.10.01-15.54.23:572][330]LogEditorActor: Deleted 1 Actors (0.050 secs)
[2019.10.01-15.54.24:269][409]Cmd: DELETE
[2019.10.01-15.54.24:269][409]Cmd: ACTOR DELETE
[2019.10.01-15.54.24:275][409]LogEditorActor: Deleted Actor: Brush
[2019.10.01-15.54.24:297][409]LogUObjectHash: Compacting FUObjectHashTables data took   1.57ms
[2019.10.01-15.54.24:315][409]LogEditorActor: Deleted 1 Actors (0.046 secs)
[2019.10.01-15.54.26:734][694]Cmd: DELETE
[2019.10.01-15.54.26:734][694]Cmd: ACTOR DELETE
[2019.10.01-15.54.26:740][694]LogEditorActor: Deleted Actor: Brush
[2019.10.01-15.54.26:761][694]LogUObjectHash: Compacting FUObjectHashTables data took   1.43ms
[2019.10.01-15.54.26:776][694]LogEditorActor: Deleted 1 Actors (0.042 secs)
[2019.10.01-15.54.27:153][735]Cmd: DELETE
[2019.10.01-15.54.27:154][735]Cmd: ACTOR DELETE
[2019.10.01-15.54.27:161][735]LogEditorActor: Deleted Actor: Brush
[2019.10.01-15.54.27:182][735]LogUObjectHash: Compacting FUObjectHashTables data took   1.61ms
[2019.10.01-15.54.27:198][735]LogEditorActor: Deleted 1 Actors (0.045 secs)
[2019.10.01-15.54.32:542][364]Cmd: TRANSACTION UNDO
[2019.10.01-15.54.32:542][364]LogEditorTransaction: Undo Select Brush Surface
[2019.10.01-15.54.32:833][394]Cmd: TRANSACTION UNDO
[2019.10.01-15.54.32:833][394]LogEditorTransaction: Undo Select Brush Surface
[2019.10.01-15.54.33:069][417]Cmd: TRANSACTION UNDO
[2019.10.01-15.54.33:069][417]LogEditorTransaction: Undo Select Brush Surface
[2019.10.01-15.54.33:286][442]Cmd: TRANSACTION UNDO
[2019.10.01-15.54.33:286][442]LogEditorTransaction: Undo Delete Actors
[2019.10.01-15.54.33:593][473]Cmd: TRANSACTION UNDO
[2019.10.01-15.54.33:593][473]LogEditorTransaction: Undo Select Brush Surface
[2019.10.01-15.54.33:880][506]Cmd: TRANSACTION UNDO
[2019.10.01-15.54.33:880][506]LogEditorTransaction: Undo Delete Actors
[2019.10.01-15.54.34:118][529]Cmd: TRANSACTION UNDO
[2019.10.01-15.54.34:118][529]LogEditorTransaction: Undo Select Brush Surface
[2019.10.01-15.54.34:232][541]Cmd: TRANSACTION UNDO
[2019.10.01-15.54.34:232][541]LogEditorTransaction: Undo Delete Actors
[2019.10.01-15.54.34:774][600]Cmd: TRANSACTION UNDO
[2019.10.01-15.54.34:774][600]LogEditorTransaction: Undo Select Brush Surface
[2019.10.01-15.54.35:071][634]Cmd: TRANSACTION UNDO
[2019.10.01-15.54.35:071][634]LogEditorTransaction: Undo Delete Actors
[2019.10.01-15.54.39:612][161]Cmd: DELETE
[2019.10.01-15.54.39:612][161]Cmd: ACTOR DELETE
[2019.10.01-15.54.39:617][161]LogEditorActor: Deleted Actor: Brush
[2019.10.01-15.54.39:639][161]LogUObjectHash: Compacting FUObjectHashTables data took   1.56ms
[2019.10.01-15.54.39:657][161]LogEditorActor: Deleted 1 Actors (0.045 secs)
[2019.10.01-15.54.41:196][344]Cmd: TRANSACTION UNDO
[2019.10.01-15.54.41:196][344]LogEditorTransaction: Undo Delete Actors
[2019.10.01-15.54.42:040][431]Cmd: DELETE
[2019.10.01-15.54.42:040][431]Cmd: ACTOR DELETE
[2019.10.01-15.54.42:046][431]LogEditorActor: Deleted Actor: Brush
[2019.10.01-15.54.42:068][431]LogUObjectHash: Compacting FUObjectHashTables data took   1.33ms
[2019.10.01-15.54.42:085][431]LogEditorActor: Deleted 1 Actors (0.045 secs)
[2019.10.01-15.54.42:530][479]Cmd: DELETE
[2019.10.01-15.54.42:530][479]Cmd: ACTOR DELETE
[2019.10.01-15.54.42:537][479]LogEditorActor: Deleted Actor: Brush
[2019.10.01-15.54.42:557][479]LogUObjectHash: Compacting FUObjectHashTables data took   1.48ms
[2019.10.01-15.54.42:574][479]LogEditorActor: Deleted 1 Actors (0.044 secs)
[2019.10.01-15.54.43:221][552]Cmd: DELETE
[2019.10.01-15.54.43:221][552]Cmd: ACTOR DELETE
[2019.10.01-15.54.43:228][552]LogEditorActor: Deleted Actor: Brush
[2019.10.01-15.54.43:246][552]LogUObjectHash: Compacting FUObjectHashTables data took   1.20ms
[2019.10.01-15.54.43:263][552]LogEditorActor: Deleted 1 Actors (0.042 secs)
[2019.10.01-15.54.44:239][665]Cmd: DELETE
[2019.10.01-15.54.44:239][665]Cmd: ACTOR DELETE
[2019.10.01-15.54.44:245][665]LogEditorActor: Deleted Actor: Brush
[2019.10.01-15.54.44:265][665]LogUObjectHash: Compacting FUObjectHashTables data took   1.35ms
[2019.10.01-15.54.44:282][665]LogEditorActor: Deleted 1 Actors (0.043 secs)
[2019.10.01-15.54.45:008][747]Cmd: DELETE
[2019.10.01-15.54.45:008][747]Cmd: ACTOR DELETE
[2019.10.01-15.54.45:019][747]LogEditorActor: Deleted Actor: Brush
[2019.10.01-15.54.45:042][747]LogUObjectHash: Compacting FUObjectHashTables data took   1.78ms
[2019.10.01-15.54.45:057][747]LogEditorActor: Deleted 1 Actors (0.048 secs)
[2019.10.01-15.54.45:874][841]Cmd: DELETE
[2019.10.01-15.54.45:874][841]Cmd: ACTOR DELETE
[2019.10.01-15.54.45:880][841]LogEditorActor: Deleted Actor: Brush
[2019.10.01-15.54.45:901][841]LogUObjectHash: Compacting FUObjectHashTables data took   1.44ms
[2019.10.01-15.54.45:918][841]LogEditorActor: Deleted 1 Actors (0.043 secs)
[2019.10.01-15.54.48:361][126]Cmd: TRANSACTION UNDO
[2019.10.01-15.54.48:361][126]LogEditorTransaction: Undo Select Brush Surface
[2019.10.01-15.54.48:585][149]Cmd: TRANSACTION UNDO
[2019.10.01-15.54.48:585][149]LogEditorTransaction: Undo Select Brush Surface
[2019.10.01-15.54.48:803][173]Cmd: TRANSACTION UNDO
[2019.10.01-15.54.48:803][173]LogEditorTransaction: Undo Delete Actors
[2019.10.01-15.54.49:019][192]Cmd: TRANSACTION UNDO
[2019.10.01-15.54.49:019][192]LogEditorTransaction: Undo Select Brush Surface
[2019.10.01-15.54.49:221][215]Cmd: TRANSACTION UNDO
[2019.10.01-15.54.49:221][215]LogEditorTransaction: Undo Delete Actors
[2019.10.01-15.54.49:414][230]Cmd: TRANSACTION UNDO
[2019.10.01-15.54.49:414][230]LogEditorTransaction: Undo Select Brush Surface
[2019.10.01-15.54.49:602][251]Cmd: TRANSACTION UNDO
[2019.10.01-15.54.49:602][251]LogEditorTransaction: Undo Delete Actors
[2019.10.01-15.54.49:810][270]Cmd: TRANSACTION UNDO
[2019.10.01-15.54.49:810][270]LogEditorTransaction: Undo Select Brush Surface
[2019.10.01-15.54.50:019][294]Cmd: TRANSACTION UNDO
[2019.10.01-15.54.50:020][294]LogEditorTransaction: Undo Delete Actors
[2019.10.01-15.54.50:226][313]Cmd: TRANSACTION UNDO
[2019.10.01-15.54.50:226][313]LogEditorTransaction: Undo Select Brush Surface
[2019.10.01-15.54.50:417][335]Cmd: TRANSACTION UNDO
[2019.10.01-15.54.50:417][335]LogEditorTransaction: Undo Delete Actors
[2019.10.01-15.54.50:654][358]Cmd: TRANSACTION UNDO
[2019.10.01-15.54.50:654][358]LogEditorTransaction: Undo Select Brush Surface
[2019.10.01-15.54.51:138][415]Cmd: TRANSACTION UNDO
[2019.10.01-15.54.51:138][415]LogEditorTransaction: Undo Delete Actors
[2019.10.01-15.54.51:709][476]Cmd: TRANSACTION UNDO
[2019.10.01-15.54.51:709][476]LogEditorTransaction: Undo Select Brush Surface
[2019.10.01-15.54.57:079][113]Cmd: DELETE
[2019.10.01-15.54.57:079][113]Cmd: ACTOR DELETE
[2019.10.01-15.54.57:085][113]LogEditorActor: Deleted Actor: Brush
[2019.10.01-15.54.57:108][113]LogUObjectHash: Compacting FUObjectHashTables data took   2.54ms
[2019.10.01-15.54.57:127][113]LogEditorActor: Deleted 1 Actors (0.048 secs)
[2019.10.01-15.54.58:048][216]Cmd: DELETE
[2019.10.01-15.54.58:048][216]Cmd: ACTOR DELETE
[2019.10.01-15.54.58:054][216]LogEditorActor: Deleted Actor: Brush
[2019.10.01-15.54.58:075][216]LogUObjectHash: Compacting FUObjectHashTables data took   1.25ms
[2019.10.01-15.54.58:091][216]LogEditorActor: Deleted 1 Actors (0.042 secs)
[2019.10.01-15.54.58:787][295]Cmd: DELETE
[2019.10.01-15.54.58:787][295]Cmd: ACTOR DELETE
[2019.10.01-15.54.58:792][295]LogEditorActor: Deleted Actor: Brush
[2019.10.01-15.54.58:812][295]LogUObjectHash: Compacting FUObjectHashTables data took   1.27ms
[2019.10.01-15.54.58:828][295]LogEditorActor: Deleted 1 Actors (0.041 secs)
[2019.10.01-15.54.59:615][385]Cmd: DELETE
[2019.10.01-15.54.59:615][385]Cmd: ACTOR DELETE
[2019.10.01-15.54.59:620][385]LogEditorActor: Deleted Actor: Brush
[2019.10.01-15.54.59:641][385]LogUObjectHash: Compacting FUObjectHashTables data took   1.39ms
[2019.10.01-15.54.59:657][385]LogEditorActor: Deleted 1 Actors (0.042 secs)
[2019.10.01-15.55.00:167][441]Cmd: DELETE
[2019.10.01-15.55.00:167][441]Cmd: ACTOR DELETE
[2019.10.01-15.55.00:172][441]LogEditorActor: Deleted Actor: Brush
[2019.10.01-15.55.00:193][441]LogUObjectHash: Compacting FUObjectHashTables data took   1.20ms
[2019.10.01-15.55.00:209][441]LogEditorActor: Deleted 1 Actors (0.042 secs)
[2019.10.01-15.55.09:102][486]Cmd: DELETE
[2019.10.01-15.55.09:102][486]Cmd: ACTOR DELETE
[2019.10.01-15.55.09:108][486]LogEditorActor: Deleted Actor: Brush
[2019.10.01-15.55.09:131][486]LogUObjectHash: Compacting FUObjectHashTables data took   1.49ms
[2019.10.01-15.55.09:147][486]LogEditorActor: Deleted 1 Actors (0.044 secs)
[2019.10.01-15.55.09:406][512]Cmd: DELETE
[2019.10.01-15.55.09:406][512]Cmd: ACTOR DELETE
[2019.10.01-15.55.09:412][512]LogEditorActor: Deleted Actor: Brush
[2019.10.01-15.55.09:431][512]LogUObjectHash: Compacting FUObjectHashTables data took   1.28ms
[2019.10.01-15.55.09:446][512]LogEditorActor: Deleted 1 Actors (0.041 secs)
[2019.10.01-15.55.10:785][671]Cmd: TRANSACTION UNDO
[2019.10.01-15.55.10:785][671]LogEditorTransaction: Undo Delete Actors
[2019.10.01-15.55.11:103][702]Cmd: TRANSACTION UNDO
[2019.10.01-15.55.11:103][702]LogEditorTransaction: Undo Select Brush Surface
[2019.10.01-15.55.11:396][735]Cmd: TRANSACTION UNDO
[2019.10.01-15.55.11:396][735]LogEditorTransaction: Undo Delete Actors
[2019.10.01-15.55.12:224][826]LogSlate: FSceneViewport::OnFocusLost() reason 5
[2019.10.01-15.55.12:255][826]LogUObjectHash: Compacting FUObjectHashTables data took   1.97ms
[2019.10.01-15.55.12:448][826]LogSavePackage: Moving '../../../../../../Users/mboyer/Documents/Unreal Projects/Boyer_CryptidEscape/Saved/FirstPersonExampleMap647ACC27446BDC0343FA5687C014927D.tmp' to '../../../../../../Users/mboyer/Documents/Unreal Projects/Boyer_CryptidEscape/Content/FirstPersonBP/Maps/FirstPersonExampleMap.umap'
[2019.10.01-15.55.13:222][826]LogSavePackage: Moving '../../../../../../Users/mboyer/Documents/Unreal Projects/Boyer_CryptidEscape/Saved/FirstPersonExampleMap_BuiltData6D107F3046238781BE8B23AE96254DB7.tmp' to '../../../../../../Users/mboyer/Documents/Unreal Projects/Boyer_CryptidEscape/Content/FirstPersonBP/Maps/FirstPersonExampleMap_BuiltData.uasset'
[2019.10.01-15.55.15:040][ 38]Cmd: EDIT COPY
[2019.10.01-15.55.15:286][ 66]Cmd: EDIT PASTE
[2019.10.01-15.55.29:459][707]Cmd: EDCALLBACK SURFPROPS
[2019.10.01-15.55.30:474][828]LogSlate: FSceneViewport::OnFocusLost() reason 0
[2019.10.01-15.55.32:487][ 59]Cmd: EDCALLBACK SURFPROPS
[2019.10.01-15.55.33:452][170]Cmd: EDCALLBACK SURFPROPS
[2019.10.01-15.55.35:878][451]Cmd: EDCALLBACK SURFPROPS
[2019.10.01-15.55.36:382][507]Cmd: EDCALLBACK SURFPROPS
[2019.10.01-15.55.42:666][252]Cmd: EDCALLBACK SURFPROPS
[2019.10.01-15.55.43:738][373]Cmd: EDCALLBACK SURFPROPS
[2019.10.01-15.55.47:505][815]LogSlate: FSceneViewport::OnFocusLost() reason 5
[2019.10.01-15.55.47:533][815]LogUObjectHash: Compacting FUObjectHashTables data took   1.49ms
[2019.10.01-15.55.47:697][815]LogSavePackage: Moving '../../../../../../Users/mboyer/Documents/Unreal Projects/Boyer_CryptidEscape/Saved/FirstPersonExampleMap7620599B4979B0C6AA948EB31BE04948.tmp' to '../../../../../../Users/mboyer/Documents/Unreal Projects/Boyer_CryptidEscape/Content/FirstPersonBP/Maps/FirstPersonExampleMap.umap'
[2019.10.01-15.55.48:450][815]LogSavePackage: Moving '../../../../../../Users/mboyer/Documents/Unreal Projects/Boyer_CryptidEscape/Saved/FirstPersonExampleMap_BuiltData78E4D02D4F1AAEBD9471119632AD431C.tmp' to '../../../../../../Users/mboyer/Documents/Unreal Projects/Boyer_CryptidEscape/Content/FirstPersonBP/Maps/FirstPersonExampleMap_BuiltData.uasset'
[2019.10.01-15.55.53:088][358]LogSlate: FSceneViewport::OnFocusLost() reason 0
[2019.10.01-15.55.55:186][602]Cmd: EDCALLBACK SURFPROPS
[2019.10.01-15.55.55:739][664]Cmd: EDCALLBACK SURFPROPS
[2019.10.01-15.55.56:807][787]LogEditorViewport: Clicking on Actor (double click): Brush (Box Brush25)
[2019.10.01-15.55.59:224][ 61]LogGeometryMode: Warning: Unable to find BoxBrush26_18 Brush(s) in new BSP
[2019.10.01-15.55.59:224][ 61]LogGeometryMode: Warning: Unable to find all previously selected geometry data, resetting selection
[2019.10.01-15.55.59:330][ 70]LogEditorViewport: Clicking on Actor (double click): Brush (Box Brush26)
[2019.10.01-15.55.59:789][123]LogEditorViewport: Clicking on Actor (double click): Brush (Box Brush26)
[2019.10.01-15.56.02:630][459]LogEditorViewport: Clicking on Actor (LMB): BP_Sky_Sphere_C (SkySphereBlueprint)
[2019.10.01-15.56.06:718][941]Cmd: TRANSACTION UNDO
[2019.10.01-15.56.06:718][941]LogEditorTransaction: Undo Clicking on Actors
[2019.10.01-15.56.07:669][ 32]Cmd: TRANSACTION UNDO
[2019.10.01-15.56.07:669][ 32]LogEditorTransaction: Undo Move Actors
[2019.10.01-15.56.07:694][ 32]LogGeometryMode: Warning: Unable to find 1 Poly(s) in new BSP
[2019.10.01-15.56.07:694][ 32]LogGeometryMode: Warning: Unable to resolve BoxBrush26_18 Brush in new BSP, see above
[2019.10.01-15.56.07:694][ 32]LogGeometryMode: Warning: Unable to find all previously selected geometry data, resetting selection
[2019.10.01-15.56.12:219][539]LogEditorViewport: Clicking on Actor (LMB): BP_Sky_Sphere_C (SkySphereBlueprint)
[2019.10.01-15.56.23:595][834]LogEditorViewport: Clicking on Actor (LMB): BP_Sky_Sphere_C (SkySphereBlueprint)
[2019.10.01-15.56.36:353][333]LogEditorViewport: Clicking on Actor (double click): Brush (Box Brush26)
[2019.10.01-15.56.39:042][648]LogEditorViewport: Clicking on Actor (LMB): BP_Sky_Sphere_C (SkySphereBlueprint)
[2019.10.01-15.56.48:620][789]LogSlate: FSceneViewport::OnFocusLost() reason 0
[2019.10.01-15.56.57:017][783]Cmd: EDIT COPY
[2019.10.01-15.56.57:252][810]Cmd: EDIT PASTE
[2019.10.01-15.56.59:587][ 88]LogSlate: FSceneViewport::OnFocusLost() reason 0
[2019.10.01-15.57.07:686][ 59]Cmd: DELETE
[2019.10.01-15.57.07:686][ 59]Cmd: ACTOR DELETE
[2019.10.01-15.57.07:708][ 59]LogUObjectHash: Compacting FUObjectHashTables data took   1.80ms
[2019.10.01-15.57.07:708][ 59]LogEditorActor: Deleted 0 Actors (0.022 secs)
[2019.10.01-15.57.11:332][493]Cmd: DUPLICATE
[2019.10.01-15.57.11:332][493]Cmd: ACTOR DUPLICATE
[2019.10.01-15.57.35:748][357]LogEditorViewport: Clicking on Actor (LMB): BP_Sky_Sphere_C (SkySphereBlueprint)
[2019.10.01-15.57.43:042][227]LogSlate: FSceneViewport::OnFocusLost() reason 0
[2019.10.01-15.57.46:051][587]Cmd: DUPLICATE
[2019.10.01-15.57.46:051][587]Cmd: ACTOR DUPLICATE
[2019.10.01-15.58.00:321][261]LogEditorViewport: Clicking on Actor (LMB): BP_Sky_Sphere_C (SkySphereBlueprint)
[2019.10.01-15.58.06:297][975]Cmd: TRANSACTION UNDO
[2019.10.01-15.58.06:297][975]LogEditorTransaction: Undo Clicking on Actors
[2019.10.01-15.58.09:874][374]LogEditorViewport: Clicking on Actor (LMB): BP_Sky_Sphere_C (SkySphereBlueprint)
[2019.10.01-15.58.18:189][364]LogSlate: FSceneViewport::OnFocusLost() reason 0
[2019.10.01-15.58.21:788][793]Cmd: DUPLICATE
[2019.10.01-15.58.21:788][793]Cmd: ACTOR DUPLICATE
[2019.10.01-15.58.26:953][396]Cmd: TRANSACTION UNDO
[2019.10.01-15.58.26:953][396]LogEditorTransaction: Undo Move Actors
[2019.10.01-15.58.37:537][620]LogEditorViewport: Clicking on Actor (LMB): BP_Sky_Sphere_C (SkySphereBlueprint)
[2019.10.01-15.58.47:145][758]LogSlate: FSceneViewport::OnFocusLost() reason 0
[2019.10.01-15.58.48:497][917]Cmd: DUPLICATE
[2019.10.01-15.58.48:497][917]Cmd: ACTOR DUPLICATE
[2019.10.01-15.58.58:099][ 17]LogEditorViewport: Clicking on Actor (LMB): BP_Sky_Sphere_C (SkySphereBlueprint)
[2019.10.01-15.59.06:223][986]LogSlate: FSceneViewport::OnFocusLost() reason 5
[2019.10.01-15.59.06:251][986]LogUObjectHash: Compacting FUObjectHashTables data took   1.57ms
[2019.10.01-15.59.06:465][986]LogSavePackage: Moving '../../../../../../Users/mboyer/Documents/Unreal Projects/Boyer_CryptidEscape/Saved/FirstPersonExampleMap79D06C054D741596F43B419050450C4D.tmp' to '../../../../../../Users/mboyer/Documents/Unreal Projects/Boyer_CryptidEscape/Content/FirstPersonBP/Maps/FirstPersonExampleMap.umap'
[2019.10.01-15.59.07:209][986]LogSavePackage: Moving '../../../../../../Users/mboyer/Documents/Unreal Projects/Boyer_CryptidEscape/Saved/FirstPersonExampleMap_BuiltData51C494244E80D4E5B30808A3EA9CD67B.tmp' to '../../../../../../Users/mboyer/Documents/Unreal Projects/Boyer_CryptidEscape/Content/FirstPersonBP/Maps/FirstPersonExampleMap_BuiltData.uasset'
[2019.10.01-15.59.07:652][ 37]LogTemp: Repeating last play command: Selected Viewport
[2019.10.01-15.59.07:658][ 37]LogBlueprintUserMessages: Early PlayInEditor Detection: Level '/Game/FirstPersonBP/Maps/FirstPersonExampleMap.FirstPersonExampleMap:PersistentLevel' has LevelScriptBlueprint '/Game/FirstPersonBP/Maps/FirstPersonExampleMap.FirstPersonExampleMap:PersistentLevel.FirstPersonExampleMap' with GeneratedClass '/Game/FirstPersonBP/Maps/FirstPersonExampleMap.FirstPersonExampleMap_C' with ClassGeneratedBy '/Game/FirstPersonBP/Maps/FirstPersonExampleMap.FirstPersonExampleMap:PersistentLevel.FirstPersonExampleMap'
[2019.10.01-15.59.07:658][ 37]LogPlayLevel: PlayLevel: No blueprints needed recompiling
[2019.10.01-15.59.07:659][ 37]PIE: New page: PIE session: FirstPersonExampleMap (Oct 1, 2019, 7:59:07 AM)
[2019.10.01-15.59.07:659][ 37]LogOnline: OSS: Creating online subsystem instance for: NULL
[2019.10.01-15.59.07:660][ 37]LogPlayLevel: Creating play world package: /Game/FirstPersonBP/Maps/UEDPIE_0_FirstPersonExampleMap
[2019.10.01-15.59.07:686][ 37]LogPlayLevel: PIE: StaticDuplicateObject took: (0.025777s)
[2019.10.01-15.59.07:687][ 37]LogAIModule: Creating AISystem for world FirstPersonExampleMap
[2019.10.01-15.59.07:687][ 37]LogPlayLevel: PIE: World Init took: (0.000970s)
[2019.10.01-15.59.07:687][ 37]LogPlayLevel: PIE: Created PIE world by copying editor world from /Game/FirstPersonBP/Maps/FirstPersonExampleMap.FirstPersonExampleMap to /Game/FirstPersonBP/Maps/UEDPIE_0_FirstPersonExampleMap.FirstPersonExampleMap (0.026987s)
[2019.10.01-15.59.07:711][ 37]LogUObjectHash: Compacting FUObjectHashTables data took   1.46ms
[2019.10.01-15.59.07:743][ 37]LogInit: XAudio2 using 'Speakers (Realtek High Definition Audio)' : 2 channels at 48 kHz using 32 bits per sample (channel mask 0x3)
[2019.10.01-15.59.07:862][ 37]LogInit: FAudioDevice initialized.
[2019.10.01-15.59.07:869][ 37]LogLoad: Game class is 'FirstPersonGameMode_C'
[2019.10.01-15.59.07:873][ 37]LogWorld: Bringing World /Game/FirstPersonBP/Maps/UEDPIE_0_FirstPersonExampleMap.FirstPersonExampleMap up for play (max tick rate 0) at 2019.10.01-11.59.07
[2019.10.01-15.59.07:873][ 37]LogWorld: Bringing up level for play took: 0.002708
[2019.10.01-15.59.07:873][ 37]LogOnline: OSS: Creating online subsystem instance for: :Context_3
[2019.10.01-15.59.07:904][ 37]LogContentBrowser: Native class hierarchy updated for 'MovieSceneCapture' in 0.0003 seconds. Added 20 classes and 0 folders.
[2019.10.01-15.59.07:905][ 37]PIE: Play in editor start time for /Game/FirstPersonBP/Maps/UEDPIE_0_FirstPersonExampleMap -0.719
[2019.10.01-15.59.07:905][ 37]LogBlueprintUserMessages: Late PlayInEditor Detection: Level '/Game/FirstPersonBP/Maps/FirstPersonExampleMap.FirstPersonExampleMap:PersistentLevel' has LevelScriptBlueprint '/Game/FirstPersonBP/Maps/FirstPersonExampleMap.FirstPersonExampleMap:PersistentLevel.FirstPersonExampleMap' with GeneratedClass '/Game/FirstPersonBP/Maps/FirstPersonExampleMap.FirstPersonExampleMap_C' with ClassGeneratedBy '/Game/FirstPersonBP/Maps/FirstPersonExampleMap.FirstPersonExampleMap:PersistentLevel.FirstPersonExampleMap'
[2019.10.01-15.59.18:504][300]LogBlueprintUserMessages: Early EndPlayMap Detection: Level '/Game/FirstPersonBP/Maps/FirstPersonExampleMap.FirstPersonExampleMap:PersistentLevel' has LevelScriptBlueprint '/Game/FirstPersonBP/Maps/FirstPersonExampleMap.FirstPersonExampleMap:PersistentLevel.FirstPersonExampleMap' with GeneratedClass '/Game/FirstPersonBP/Maps/FirstPersonExampleMap.FirstPersonExampleMap_C' with ClassGeneratedBy '/Game/FirstPersonBP/Maps/FirstPersonExampleMap.FirstPersonExampleMap:PersistentLevel.FirstPersonExampleMap'
[2019.10.01-15.59.18:505][300]LogSlate: Updating window title bar state: overlay mode, drag disabled, window buttons hidden, title bar hidden
[2019.10.01-15.59.18:505][300]LogWorld: BeginTearingDown for /Game/FirstPersonBP/Maps/UEDPIE_0_FirstPersonExampleMap
[2019.10.01-15.59.18:505][300]LogWorld: UWorld::CleanupWorld for FirstPersonExampleMap, bSessionEnded=true, bCleanupResources=true
[2019.10.01-15.59.18:516][300]LogPlayLevel: Display: Shutting down PIE online subsystems
[2019.10.01-15.59.18:517][300]LogBlueprintUserMessages: Late EndPlayMap Detection: Level '/Game/FirstPersonBP/Maps/FirstPersonExampleMap.FirstPersonExampleMap:PersistentLevel' has LevelScriptBlueprint '/Game/FirstPersonBP/Maps/FirstPersonExampleMap.FirstPersonExampleMap:PersistentLevel.FirstPersonExampleMap' with GeneratedClass '/Game/FirstPersonBP/Maps/FirstPersonExampleMap.FirstPersonExampleMap_C' with ClassGeneratedBy '/Game/FirstPersonBP/Maps/FirstPersonExampleMap.FirstPersonExampleMap:PersistentLevel.FirstPersonExampleMap'
[2019.10.01-15.59.18:538][300]LogSlate: Updating window title bar state: overlay mode, drag disabled, window buttons hidden, title bar hidden
[2019.10.01-15.59.18:541][300]LogUObjectHash: Compacting FUObjectHashTables data took   1.49ms
[2019.10.01-15.59.18:606][306]LogPlayLevel: Display: Destroying online subsystem :Context_3
[2019.10.01-15.59.19:906][462]LogSlate: FSceneViewport::OnFocusLost() reason 0
